[2020-12-06 17:09:41.300084] Service <ProcessFile> started... 

Parameters:
Config file -> INI/ProcessFile.ini
Log file    -> LOG/ProcessFile.log

Initialize section [postgresql]... OK
Initialize section [fileparams]... OK
Initialize section [elasticsrh]... OK

Elastic enabled: NO (localhost:9200)
File mask is ['.*[^_error]\\.json$']
[2020-12-06 17:09:41.303090] Start watcher for folder: FLOW/TAKEN/

[2020-12-06 17:09:56.759350] File detected: FLOW/TAKEN/2.json
Connect Db... OK
Header: {'proc': {'info': 'Process File registered with Id: [1]', 'name': 'PrcfileAdd', 'action': 'Insert'}, 'rec_id': 1, 'proj_id': 1, 'act_date': '2020-12-06T17:09:56.816349', 'err_code': None, 'rec_date': '2020-12-06T17:09:56.81007', 'rec_user': 'mgrpoc', 'parent_id': 1, 'rec_notice': None, 'rec_status': 'TKN'}
- Line: {'proc': {'info': 'Process Line registered with id: [1]', 'name': 'PrclineAdd', 'action': 'Insert'}, 'rec_id': 1, 'proj_id': 1, 'act_date': '2020-12-06T17:09:56.85935', 'err_code': None, 'rec_date': '2020-12-06T17:09:56.81007', 'rec_user': 'mgrpoc', 'parent_id': 1, 'rec_notice': None, 'rec_status': 'TKN'}
- Line: {'proc': {'info': 'Process Line registered with id: [2]', 'name': 'PrclineAdd', 'action': 'Insert'}, 'rec_id': 2, 'proj_id': 1, 'act_date': '2020-12-06T17:09:56.898368', 'err_code': None, 'rec_date': '2020-12-06T17:09:56.81007', 'rec_user': 'mgrpoc', 'parent_id': 1, 'rec_notice': None, 'rec_status': 'TKN'}
- Line: {'proc': {'info': 'Process Line registered with id: [3]', 'name': 'PrclineAdd', 'action': 'Insert'}, 'rec_id': 3, 'proj_id': 1, 'act_date': '2020-12-06T17:09:56.937351', 'err_code': None, 'rec_date': '2020-12-06T17:09:56.81007', 'rec_user': 'mgrpoc', 'parent_id': 1, 'rec_notice': None, 'rec_status': 'TKN'}
- Line: {'proc': {'info': 'Process Line registered with id: [4]', 'name': 'PrclineAdd', 'action': 'Insert'}, 'rec_id': 4, 'proj_id': 1, 'act_date': '2020-12-06T17:09:56.972351', 'err_code': None, 'rec_date': '2020-12-06T17:09:56.81007', 'rec_user': 'mgrpoc', 'parent_id': 1, 'rec_notice': None, 'rec_status': 'TKN'}
- Line: {'proc': {'info': 'Process Line registered with id: [5]', 'name': 'PrclineAdd', 'action': 'Insert'}, 'rec_id': 5, 'proj_id': 1, 'act_date': '2020-12-06T17:09:57.006353', 'err_code': None, 'rec_date': '2020-12-06T17:09:56.81007', 'rec_user': 'mgrpoc', 'parent_id': 1, 'rec_notice': None, 'rec_status': 'TKN'}
- Line: {'proc': {'info': 'Process Line registered with id: [6]', 'name': 'PrclineAdd', 'action': 'Insert'}, 'rec_id': 6, 'proj_id': 1, 'act_date': '2020-12-06T17:09:57.040352', 'err_code': None, 'rec_date': '2020-12-06T17:09:56.81007', 'rec_user': 'mgrpoc', 'parent_id': 1, 'rec_notice': None, 'rec_status': 'TKN'}
- Line: {'proc': {'info': 'Process Line registered with id: [7]', 'name': 'PrclineAdd', 'action': 'Insert'}, 'rec_id': 7, 'proj_id': 1, 'act_date': '2020-12-06T17:09:57.175352', 'err_code': None, 'rec_date': '2020-12-06T17:09:56.81007', 'rec_user': 'mgrpoc', 'parent_id': 1, 'rec_notice': None, 'rec_status': 'TKN'}
- Line: {'proc': {'info': 'Process Line registered with id: [8]', 'name': 'PrclineAdd', 'action': 'Insert'}, 'rec_id': 8, 'proj_id': 1, 'act_date': '2020-12-06T17:09:57.223353', 'err_code': None, 'rec_date': '2020-12-06T17:09:56.81007', 'rec_user': 'mgrpoc', 'parent_id': 1, 'rec_notice': None, 'rec_status': 'TKN'}
- Line: {'proc': {'info': 'Process Line registered with id: [9]', 'name': 'PrclineAdd', 'action': 'Insert'}, 'rec_id': 9, 'proj_id': 1, 'act_date': '2020-12-06T17:09:57.262353', 'err_code': None, 'rec_date': '2020-12-06T17:09:56.81007', 'rec_user': 'mgrpoc', 'parent_id': 1, 'rec_notice': None, 'rec_status': 'TKN'}
- Line: {'proc': {'info': 'Process Line registered with id: [10]', 'name': 'PrclineAdd', 'action': 'Insert'}, 'rec_id': 10, 'proj_id': 1, 'act_date': '2020-12-06T17:09:57.400352', 'err_code': None, 'rec_date': '2020-12-06T17:09:56.81007', 'rec_user': 'mgrpoc', 'parent_id': 1, 'rec_notice': None, 'rec_status': 'TKN'}
- Line: {'proc': {'info': 'Process Line registered with id: [11]', 'name': 'PrclineAdd', 'action': 'Insert'}, 'rec_id': 11, 'proj_id': 1, 'act_date': '2020-12-06T17:09:57.435353', 'err_code': None, 'rec_date': '2020-12-06T17:09:56.81007', 'rec_user': 'mgrpoc', 'parent_id': 1, 'rec_notice': None, 'rec_status': 'TKN'}
- Line: {'proc': {'info': 'Process Line registered with id: [12]', 'name': 'PrclineAdd', 'action': 'Insert'}, 'rec_id': 12, 'proj_id': 1, 'act_date': '2020-12-06T17:09:57.471353', 'err_code': None, 'rec_date': '2020-12-06T17:09:56.81007', 'rec_user': 'mgrpoc', 'parent_id': 1, 'rec_notice': None, 'rec_status': 'TKN'}
- Line: {'proc': {'info': 'Process Line registered with id: [13]', 'name': 'PrclineAdd', 'action': 'Insert'}, 'rec_id': 13, 'proj_id': 1, 'act_date': '2020-12-06T17:09:57.507351', 'err_code': None, 'rec_date': '2020-12-06T17:09:56.81007', 'rec_user': 'mgrpoc', 'parent_id': 1, 'rec_notice': None, 'rec_status': 'TKN'}
[2020-12-06 17:09:57.543354] File has been processed successfully.
Closing Db... OK

[2020-12-06 17:09:57.648352] File detected: FLOW/TAKEN/3.json
Connect Db... OK
Header: {'proc': {'info': 'Process File registered with Id: [2]', 'name': 'PrcfileAdd', 'action': 'Insert'}, 'rec_id': 2, 'proj_id': 1, 'act_date': '2020-12-06T17:09:57.69235', 'err_code': None, 'rec_date': '2020-12-06T17:09:57.683174', 'rec_user': 'mgrpoc', 'parent_id': 2, 'rec_notice': None, 'rec_status': 'TKN'}
- Line: {'proc': {'info': 'Process Line registered with id: [14]', 'name': 'PrclineAdd', 'action': 'Insert'}, 'rec_id': 14, 'proj_id': 1, 'act_date': '2020-12-06T17:09:57.736352', 'err_code': None, 'rec_date': '2020-12-06T17:09:57.683174', 'rec_user': 'mgrpoc', 'parent_id': 2, 'rec_notice': None, 'rec_status': 'TKN'}
- Line: {'proc': {'info': 'Process Line registered with id: [15]', 'name': 'PrclineAdd', 'action': 'Insert'}, 'rec_id': 15, 'proj_id': 1, 'act_date': '2020-12-06T17:09:57.772354', 'err_code': None, 'rec_date': '2020-12-06T17:09:57.683174', 'rec_user': 'mgrpoc', 'parent_id': 2, 'rec_notice': None, 'rec_status': 'TKN'}
- Line: {'proc': {'info': 'Process Line registered with id: [16]', 'name': 'PrclineAdd', 'action': 'Insert'}, 'rec_id': 16, 'proj_id': 1, 'act_date': '2020-12-06T17:09:57.808355', 'err_code': None, 'rec_date': '2020-12-06T17:09:57.683174', 'rec_user': 'mgrpoc', 'parent_id': 2, 'rec_notice': None, 'rec_status': 'TKN'}
- Line: {'proc': {'info': 'Process Line registered with id: [17]', 'name': 'PrclineAdd', 'action': 'Insert'}, 'rec_id': 17, 'proj_id': 1, 'act_date': '2020-12-06T17:09:57.850359', 'err_code': None, 'rec_date': '2020-12-06T17:09:57.683174', 'rec_user': 'mgrpoc', 'parent_id': 2, 'rec_notice': None, 'rec_status': 'TKN'}
- Line: {'proc': {'info': 'Process Line registered with id: [18]', 'name': 'PrclineAdd', 'action': 'Insert'}, 'rec_id': 18, 'proj_id': 1, 'act_date': '2020-12-06T17:09:57.886353', 'err_code': None, 'rec_date': '2020-12-06T17:09:57.683174', 'rec_user': 'mgrpoc', 'parent_id': 2, 'rec_notice': None, 'rec_status': 'TKN'}
- Line: {'proc': {'info': 'Process Line registered with id: [19]', 'name': 'PrclineAdd', 'action': 'Insert'}, 'rec_id': 19, 'proj_id': 1, 'act_date': '2020-12-06T17:09:57.922353', 'err_code': None, 'rec_date': '2020-12-06T17:09:57.683174', 'rec_user': 'mgrpoc', 'parent_id': 2, 'rec_notice': None, 'rec_status': 'TKN'}
- Line: {'proc': {'info': 'Process Line registered with id: [20]', 'name': 'PrclineAdd', 'action': 'Insert'}, 'rec_id': 20, 'proj_id': 1, 'act_date': '2020-12-06T17:09:57.955354', 'err_code': None, 'rec_date': '2020-12-06T17:09:57.683174', 'rec_user': 'mgrpoc', 'parent_id': 2, 'rec_notice': None, 'rec_status': 'TKN'}
- Line: {'proc': {'info': 'Process Line registered with id: [21]', 'name': 'PrclineAdd', 'action': 'Insert'}, 'rec_id': 21, 'proj_id': 1, 'act_date': '2020-12-06T17:09:57.987353', 'err_code': None, 'rec_date': '2020-12-06T17:09:57.683174', 'rec_user': 'mgrpoc', 'parent_id': 2, 'rec_notice': None, 'rec_status': 'TKN'}
- Line: {'proc': {'info': 'Process Line registered with id: [22]', 'name': 'PrclineAdd', 'action': 'Insert'}, 'rec_id': 22, 'proj_id': 1, 'act_date': '2020-12-06T17:09:58.022353', 'err_code': None, 'rec_date': '2020-12-06T17:09:57.683174', 'rec_user': 'mgrpoc', 'parent_id': 2, 'rec_notice': None, 'rec_status': 'TKN'}
- Line: {'proc': {'info': 'Process Line registered with id: [23]', 'name': 'PrclineAdd', 'action': 'Insert'}, 'rec_id': 23, 'proj_id': 1, 'act_date': '2020-12-06T17:09:58.056353', 'err_code': None, 'rec_date': '2020-12-06T17:09:57.683174', 'rec_user': 'mgrpoc', 'parent_id': 2, 'rec_notice': None, 'rec_status': 'TKN'}
- Line: {'proc': {'info': 'Process Line registered with id: [24]', 'name': 'PrclineAdd', 'action': 'Insert'}, 'rec_id': 24, 'proj_id': 1, 'act_date': '2020-12-06T17:09:58.090356', 'err_code': None, 'rec_date': '2020-12-06T17:09:57.683174', 'rec_user': 'mgrpoc', 'parent_id': 2, 'rec_notice': None, 'rec_status': 'TKN'}
- Line: {'proc': {'info': 'Process Line registered with id: [25]', 'name': 'PrclineAdd', 'action': 'Insert'}, 'rec_id': 25, 'proj_id': 1, 'act_date': '2020-12-06T17:09:58.126353', 'err_code': None, 'rec_date': '2020-12-06T17:09:57.683174', 'rec_user': 'mgrpoc', 'parent_id': 2, 'rec_notice': None, 'rec_status': 'TKN'}
- Line: {'proc': {'info': 'Process Line registered with id: [26]', 'name': 'PrclineAdd', 'action': 'Insert'}, 'rec_id': 26, 'proj_id': 1, 'act_date': '2020-12-06T17:09:58.159354', 'err_code': None, 'rec_date': '2020-12-06T17:09:57.683174', 'rec_user': 'mgrpoc', 'parent_id': 2, 'rec_notice': None, 'rec_status': 'TKN'}
- Line: {'proc': {'info': 'Process Line registered with id: [27]', 'name': 'PrclineAdd', 'action': 'Insert'}, 'rec_id': 27, 'proj_id': 1, 'act_date': '2020-12-06T17:09:58.194355', 'err_code': None, 'rec_date': '2020-12-06T17:09:57.683174', 'rec_user': 'mgrpoc', 'parent_id': 2, 'rec_notice': None, 'rec_status': 'TKN'}
- Line: {'proc': {'info': 'Process Line registered with id: [28]', 'name': 'PrclineAdd', 'action': 'Insert'}, 'rec_id': 28, 'proj_id': 1, 'act_date': '2020-12-06T17:09:58.230355', 'err_code': None, 'rec_date': '2020-12-06T17:09:57.683174', 'rec_user': 'mgrpoc', 'parent_id': 2, 'rec_notice': None, 'rec_status': 'TKN'}
- Line: {'proc': {'info': 'Process Line registered with id: [29]', 'name': 'PrclineAdd', 'action': 'Insert'}, 'rec_id': 29, 'proj_id': 1, 'act_date': '2020-12-06T17:09:58.369354', 'err_code': None, 'rec_date': '2020-12-06T17:09:57.683174', 'rec_user': 'mgrpoc', 'parent_id': 2, 'rec_notice': None, 'rec_status': 'TKN'}
- Line: {'proc': {'info': 'Process Line registered with id: [30]', 'name': 'PrclineAdd', 'action': 'Insert'}, 'rec_id': 30, 'proj_id': 1, 'act_date': '2020-12-06T17:09:58.409355', 'err_code': None, 'rec_date': '2020-12-06T17:09:57.683174', 'rec_user': 'mgrpoc', 'parent_id': 2, 'rec_notice': None, 'rec_status': 'TKN'}
- Line: {'proc': {'info': 'Process Line registered with id: [31]', 'name': 'PrclineAdd', 'action': 'Insert'}, 'rec_id': 31, 'proj_id': 1, 'act_date': '2020-12-06T17:09:58.445359', 'err_code': None, 'rec_date': '2020-12-06T17:09:57.683174', 'rec_user': 'mgrpoc', 'parent_id': 2, 'rec_notice': None, 'rec_status': 'TKN'}
- Line: {'proc': {'info': 'Process Line registered with id: [32]', 'name': 'PrclineAdd', 'action': 'Insert'}, 'rec_id': 32, 'proj_id': 1, 'act_date': '2020-12-06T17:09:58.484354', 'err_code': None, 'rec_date': '2020-12-06T17:09:57.683174', 'rec_user': 'mgrpoc', 'parent_id': 2, 'rec_notice': None, 'rec_status': 'TKN'}
- Line: {'proc': {'info': 'Process Line registered with id: [33]', 'name': 'PrclineAdd', 'action': 'Insert'}, 'rec_id': 33, 'proj_id': 1, 'act_date': '2020-12-06T17:09:58.521355', 'err_code': None, 'rec_date': '2020-12-06T17:09:57.683174', 'rec_user': 'mgrpoc', 'parent_id': 2, 'rec_notice': None, 'rec_status': 'TKN'}
- Line: {'proc': {'info': 'Process Line registered with id: [34]', 'name': 'PrclineAdd', 'action': 'Insert'}, 'rec_id': 34, 'proj_id': 1, 'act_date': '2020-12-06T17:09:58.558355', 'err_code': None, 'rec_date': '2020-12-06T17:09:57.683174', 'rec_user': 'mgrpoc', 'parent_id': 2, 'rec_notice': None, 'rec_status': 'TKN'}
- Line: {'proc': {'info': 'Process Line registered with id: [35]', 'name': 'PrclineAdd', 'action': 'Insert'}, 'rec_id': 35, 'proj_id': 1, 'act_date': '2020-12-06T17:09:58.594354', 'err_code': None, 'rec_date': '2020-12-06T17:09:57.683174', 'rec_user': 'mgrpoc', 'parent_id': 2, 'rec_notice': None, 'rec_status': 'TKN'}
- Line: {'proc': {'info': 'Process Line registered with id: [36]', 'name': 'PrclineAdd', 'action': 'Insert'}, 'rec_id': 36, 'proj_id': 1, 'act_date': '2020-12-06T17:09:58.629356', 'err_code': None, 'rec_date': '2020-12-06T17:09:57.683174', 'rec_user': 'mgrpoc', 'parent_id': 2, 'rec_notice': None, 'rec_status': 'TKN'}
- Line: {'proc': {'info': 'Process Line registered with id: [37]', 'name': 'PrclineAdd', 'action': 'Insert'}, 'rec_id': 37, 'proj_id': 1, 'act_date': '2020-12-06T17:09:58.664355', 'err_code': None, 'rec_date': '2020-12-06T17:09:57.683174', 'rec_user': 'mgrpoc', 'parent_id': 2, 'rec_notice': None, 'rec_status': 'TKN'}
- Line: {'proc': {'info': 'Process Line registered with id: [38]', 'name': 'PrclineAdd', 'action': 'Insert'}, 'rec_id': 38, 'proj_id': 1, 'act_date': '2020-12-06T17:09:58.697355', 'err_code': None, 'rec_date': '2020-12-06T17:09:57.683174', 'rec_user': 'mgrpoc', 'parent_id': 2, 'rec_notice': None, 'rec_status': 'TKN'}
- Line: {'proc': {'info': 'Process Line registered with id: [39]', 'name': 'PrclineAdd', 'action': 'Insert'}, 'rec_id': 39, 'proj_id': 1, 'act_date': '2020-12-06T17:09:58.732353', 'err_code': None, 'rec_date': '2020-12-06T17:09:57.683174', 'rec_user': 'mgrpoc', 'parent_id': 2, 'rec_notice': None, 'rec_status': 'TKN'}
- Line: {'proc': {'info': 'Process Line registered with id: [40]', 'name': 'PrclineAdd', 'action': 'Insert'}, 'rec_id': 40, 'proj_id': 1, 'act_date': '2020-12-06T17:09:58.766354', 'err_code': None, 'rec_date': '2020-12-06T17:09:57.683174', 'rec_user': 'mgrpoc', 'parent_id': 2, 'rec_notice': None, 'rec_status': 'TKN'}
- Line: {'proc': {'info': 'Process Line registered with id: [41]', 'name': 'PrclineAdd', 'action': 'Insert'}, 'rec_id': 41, 'proj_id': 1, 'act_date': '2020-12-06T17:09:58.802355', 'err_code': None, 'rec_date': '2020-12-06T17:09:57.683174', 'rec_user': 'mgrpoc', 'parent_id': 2, 'rec_notice': None, 'rec_status': 'TKN'}
- Line: {'proc': {'info': 'Process Line registered with id: [42]', 'name': 'PrclineAdd', 'action': 'Insert'}, 'rec_id': 42, 'proj_id': 1, 'act_date': '2020-12-06T17:09:58.837354', 'err_code': None, 'rec_date': '2020-12-06T17:09:57.683174', 'rec_user': 'mgrpoc', 'parent_id': 2, 'rec_notice': None, 'rec_status': 'TKN'}
- Line: {'proc': {'info': 'Process Line registered with id: [43]', 'name': 'PrclineAdd', 'action': 'Insert'}, 'rec_id': 43, 'proj_id': 1, 'act_date': '2020-12-06T17:09:58.875355', 'err_code': None, 'rec_date': '2020-12-06T17:09:57.683174', 'rec_user': 'mgrpoc', 'parent_id': 2, 'rec_notice': None, 'rec_status': 'TKN'}
- Line: {'proc': {'info': 'Process Line registered with id: [44]', 'name': 'PrclineAdd', 'action': 'Insert'}, 'rec_id': 44, 'proj_id': 1, 'act_date': '2020-12-06T17:09:58.911355', 'err_code': None, 'rec_date': '2020-12-06T17:09:57.683174', 'rec_user': 'mgrpoc', 'parent_id': 2, 'rec_notice': None, 'rec_status': 'TKN'}
- Line: {'proc': {'info': 'Process Line registered with id: [45]', 'name': 'PrclineAdd', 'action': 'Insert'}, 'rec_id': 45, 'proj_id': 1, 'act_date': '2020-12-06T17:09:58.944358', 'err_code': None, 'rec_date': '2020-12-06T17:09:57.683174', 'rec_user': 'mgrpoc', 'parent_id': 2, 'rec_notice': None, 'rec_status': 'TKN'}
- Line: {'proc': {'info': 'Process Line registered with id: [46]', 'name': 'PrclineAdd', 'action': 'Insert'}, 'rec_id': 46, 'proj_id': 1, 'act_date': '2020-12-06T17:09:58.980356', 'err_code': None, 'rec_date': '2020-12-06T17:09:57.683174', 'rec_user': 'mgrpoc', 'parent_id': 2, 'rec_notice': None, 'rec_status': 'TKN'}
- Line: {'proc': {'info': 'Process Line registered with id: [47]', 'name': 'PrclineAdd', 'action': 'Insert'}, 'rec_id': 47, 'proj_id': 1, 'act_date': '2020-12-06T17:09:59.015355', 'err_code': None, 'rec_date': '2020-12-06T17:09:57.683174', 'rec_user': 'mgrpoc', 'parent_id': 2, 'rec_notice': None, 'rec_status': 'TKN'}
- Line: {'proc': {'info': 'Process Line registered with id: [48]', 'name': 'PrclineAdd', 'action': 'Insert'}, 'rec_id': 48, 'proj_id': 1, 'act_date': '2020-12-06T17:09:59.052355', 'err_code': None, 'rec_date': '2020-12-06T17:09:57.683174', 'rec_user': 'mgrpoc', 'parent_id': 2, 'rec_notice': None, 'rec_status': 'TKN'}
- Line: {'proc': {'info': 'Process Line registered with id: [49]', 'name': 'PrclineAdd', 'action': 'Insert'}, 'rec_id': 49, 'proj_id': 1, 'act_date': '2020-12-06T17:09:59.090355', 'err_code': None, 'rec_date': '2020-12-06T17:09:57.683174', 'rec_user': 'mgrpoc', 'parent_id': 2, 'rec_notice': None, 'rec_status': 'TKN'}
- Line: {'proc': {'info': 'Process Line registered with id: [50]', 'name': 'PrclineAdd', 'action': 'Insert'}, 'rec_id': 50, 'proj_id': 1, 'act_date': '2020-12-06T17:09:59.125356', 'err_code': None, 'rec_date': '2020-12-06T17:09:57.683174', 'rec_user': 'mgrpoc', 'parent_id': 2, 'rec_notice': None, 'rec_status': 'TKN'}
- Line: {'proc': {'info': 'Process Line registered with id: [51]', 'name': 'PrclineAdd', 'action': 'Insert'}, 'rec_id': 51, 'proj_id': 1, 'act_date': '2020-12-06T17:09:59.159356', 'err_code': None, 'rec_date': '2020-12-06T17:09:57.683174', 'rec_user': 'mgrpoc', 'parent_id': 2, 'rec_notice': None, 'rec_status': 'TKN'}
- Line: {'proc': {'info': 'Process Line registered with id: [52]', 'name': 'PrclineAdd', 'action': 'Insert'}, 'rec_id': 52, 'proj_id': 1, 'act_date': '2020-12-06T17:09:59.192356', 'err_code': None, 'rec_date': '2020-12-06T17:09:57.683174', 'rec_user': 'mgrpoc', 'parent_id': 2, 'rec_notice': None, 'rec_status': 'TKN'}
- Line: {'proc': {'info': 'Process Line registered with id: [53]', 'name': 'PrclineAdd', 'action': 'Insert'}, 'rec_id': 53, 'proj_id': 1, 'act_date': '2020-12-06T17:09:59.234354', 'err_code': None, 'rec_date': '2020-12-06T17:09:57.683174', 'rec_user': 'mgrpoc', 'parent_id': 2, 'rec_notice': None, 'rec_status': 'TKN'}
- Line: {'proc': {'info': 'Process Line registered with id: [54]', 'name': 'PrclineAdd', 'action': 'Insert'}, 'rec_id': 54, 'proj_id': 1, 'act_date': '2020-12-06T17:09:59.278356', 'err_code': None, 'rec_date': '2020-12-06T17:09:57.683174', 'rec_user': 'mgrpoc', 'parent_id': 2, 'rec_notice': None, 'rec_status': 'TKN'}
- Line: {'proc': {'info': 'Process Line registered with id: [55]', 'name': 'PrclineAdd', 'action': 'Insert'}, 'rec_id': 55, 'proj_id': 1, 'act_date': '2020-12-06T17:09:59.315356', 'err_code': None, 'rec_date': '2020-12-06T17:09:57.683174', 'rec_user': 'mgrpoc', 'parent_id': 2, 'rec_notice': None, 'rec_status': 'TKN'}
- Line: {'proc': {'info': 'Process Line registered with id: [56]', 'name': 'PrclineAdd', 'action': 'Insert'}, 'rec_id': 56, 'proj_id': 1, 'act_date': '2020-12-06T17:09:59.355357', 'err_code': None, 'rec_date': '2020-12-06T17:09:57.683174', 'rec_user': 'mgrpoc', 'parent_id': 2, 'rec_notice': None, 'rec_status': 'TKN'}
- Line: {'proc': {'info': 'Process Line registered with id: [57]', 'name': 'PrclineAdd', 'action': 'Insert'}, 'rec_id': 57, 'proj_id': 1, 'act_date': '2020-12-06T17:09:59.390358', 'err_code': None, 'rec_date': '2020-12-06T17:09:57.683174', 'rec_user': 'mgrpoc', 'parent_id': 2, 'rec_notice': None, 'rec_status': 'TKN'}
- Line: {'proc': {'info': 'Process Line registered with id: [58]', 'name': 'PrclineAdd', 'action': 'Insert'}, 'rec_id': 58, 'proj_id': 1, 'act_date': '2020-12-06T17:09:59.425356', 'err_code': None, 'rec_date': '2020-12-06T17:09:57.683174', 'rec_user': 'mgrpoc', 'parent_id': 2, 'rec_notice': None, 'rec_status': 'TKN'}
- Line: {'proc': {'info': 'Process Line registered with id: [59]', 'name': 'PrclineAdd', 'action': 'Insert'}, 'rec_id': 59, 'proj_id': 1, 'act_date': '2020-12-06T17:09:59.463355', 'err_code': None, 'rec_date': '2020-12-06T17:09:57.683174', 'rec_user': 'mgrpoc', 'parent_id': 2, 'rec_notice': None, 'rec_status': 'TKN'}
- Line: {'proc': {'info': 'Process Line registered with id: [60]', 'name': 'PrclineAdd', 'action': 'Insert'}, 'rec_id': 60, 'proj_id': 1, 'act_date': '2020-12-06T17:09:59.498356', 'err_code': None, 'rec_date': '2020-12-06T17:09:57.683174', 'rec_user': 'mgrpoc', 'parent_id': 2, 'rec_notice': None, 'rec_status': 'TKN'}
- Line: {'proc': {'info': 'Process Line registered with id: [61]', 'name': 'PrclineAdd', 'action': 'Insert'}, 'rec_id': 61, 'proj_id': 1, 'act_date': '2020-12-06T17:09:59.534356', 'err_code': None, 'rec_date': '2020-12-06T17:09:57.683174', 'rec_user': 'mgrpoc', 'parent_id': 2, 'rec_notice': None, 'rec_status': 'TKN'}
- Line: {'proc': {'info': 'Process Line registered with id: [62]', 'name': 'PrclineAdd', 'action': 'Insert'}, 'rec_id': 62, 'proj_id': 1, 'act_date': '2020-12-06T17:09:59.569356', 'err_code': None, 'rec_date': '2020-12-06T17:09:57.683174', 'rec_user': 'mgrpoc', 'parent_id': 2, 'rec_notice': None, 'rec_status': 'TKN'}
- Line: {'proc': {'info': 'Process Line registered with id: [63]', 'name': 'PrclineAdd', 'action': 'Insert'}, 'rec_id': 63, 'proj_id': 1, 'act_date': '2020-12-06T17:09:59.611357', 'err_code': None, 'rec_date': '2020-12-06T17:09:57.683174', 'rec_user': 'mgrpoc', 'parent_id': 2, 'rec_notice': None, 'rec_status': 'TKN'}
- Line: {'proc': {'info': 'Process Line registered with id: [64]', 'name': 'PrclineAdd', 'action': 'Insert'}, 'rec_id': 64, 'proj_id': 1, 'act_date': '2020-12-06T17:09:59.651355', 'err_code': None, 'rec_date': '2020-12-06T17:09:57.683174', 'rec_user': 'mgrpoc', 'parent_id': 2, 'rec_notice': None, 'rec_status': 'TKN'}
- Line: {'proc': {'info': 'Process Line registered with id: [65]', 'name': 'PrclineAdd', 'action': 'Insert'}, 'rec_id': 65, 'proj_id': 1, 'act_date': '2020-12-06T17:09:59.688356', 'err_code': None, 'rec_date': '2020-12-06T17:09:57.683174', 'rec_user': 'mgrpoc', 'parent_id': 2, 'rec_notice': None, 'rec_status': 'TKN'}
- Line: {'proc': {'info': 'Process Line registered with id: [66]', 'name': 'PrclineAdd', 'action': 'Insert'}, 'rec_id': 66, 'proj_id': 1, 'act_date': '2020-12-06T17:09:59.718356', 'err_code': None, 'rec_date': '2020-12-06T17:09:57.683174', 'rec_user': 'mgrpoc', 'parent_id': 2, 'rec_notice': None, 'rec_status': 'TKN'}
- Line: {'proc': {'info': 'Process Line registered with id: [67]', 'name': 'PrclineAdd', 'action': 'Insert'}, 'rec_id': 67, 'proj_id': 1, 'act_date': '2020-12-06T17:09:59.748356', 'err_code': None, 'rec_date': '2020-12-06T17:09:57.683174', 'rec_user': 'mgrpoc', 'parent_id': 2, 'rec_notice': None, 'rec_status': 'TKN'}
- Line: {'proc': {'info': 'Process Line registered with id: [68]', 'name': 'PrclineAdd', 'action': 'Insert'}, 'rec_id': 68, 'proj_id': 1, 'act_date': '2020-12-06T17:09:59.881358', 'err_code': None, 'rec_date': '2020-12-06T17:09:57.683174', 'rec_user': 'mgrpoc', 'parent_id': 2, 'rec_notice': None, 'rec_status': 'TKN'}
- Line: {'proc': {'info': 'Process Line registered with id: [69]', 'name': 'PrclineAdd', 'action': 'Insert'}, 'rec_id': 69, 'proj_id': 1, 'act_date': '2020-12-06T17:09:59.916357', 'err_code': None, 'rec_date': '2020-12-06T17:09:57.683174', 'rec_user': 'mgrpoc', 'parent_id': 2, 'rec_notice': None, 'rec_status': 'TKN'}
- Line: {'proc': {'info': 'Process Line registered with id: [70]', 'name': 'PrclineAdd', 'action': 'Insert'}, 'rec_id': 70, 'proj_id': 1, 'act_date': '2020-12-06T17:09:59.950356', 'err_code': None, 'rec_date': '2020-12-06T17:09:57.683174', 'rec_user': 'mgrpoc', 'parent_id': 2, 'rec_notice': None, 'rec_status': 'TKN'}
- Line: {'proc': {'info': 'Process Line registered with id: [71]', 'name': 'PrclineAdd', 'action': 'Insert'}, 'rec_id': 71, 'proj_id': 1, 'act_date': '2020-12-06T17:09:59.986357', 'err_code': None, 'rec_date': '2020-12-06T17:09:57.683174', 'rec_user': 'mgrpoc', 'parent_id': 2, 'rec_notice': None, 'rec_status': 'TKN'}
- Line: {'proc': {'info': 'Process Line registered with id: [72]', 'name': 'PrclineAdd', 'action': 'Insert'}, 'rec_id': 72, 'proj_id': 1, 'act_date': '2020-12-06T17:10:00.024357', 'err_code': None, 'rec_date': '2020-12-06T17:09:57.683174', 'rec_user': 'mgrpoc', 'parent_id': 2, 'rec_notice': None, 'rec_status': 'TKN'}
- Line: {'proc': {'info': 'Process Line registered with id: [73]', 'name': 'PrclineAdd', 'action': 'Insert'}, 'rec_id': 73, 'proj_id': 1, 'act_date': '2020-12-06T17:10:00.059356', 'err_code': None, 'rec_date': '2020-12-06T17:09:57.683174', 'rec_user': 'mgrpoc', 'parent_id': 2, 'rec_notice': None, 'rec_status': 'TKN'}
- Line: {'proc': {'info': 'Process Line registered with id: [74]', 'name': 'PrclineAdd', 'action': 'Insert'}, 'rec_id': 74, 'proj_id': 1, 'act_date': '2020-12-06T17:10:00.097357', 'err_code': None, 'rec_date': '2020-12-06T17:09:57.683174', 'rec_user': 'mgrpoc', 'parent_id': 2, 'rec_notice': None, 'rec_status': 'TKN'}
- Line: {'proc': {'info': 'Process Line registered with id: [75]', 'name': 'PrclineAdd', 'action': 'Insert'}, 'rec_id': 75, 'proj_id': 1, 'act_date': '2020-12-06T17:10:00.141357', 'err_code': None, 'rec_date': '2020-12-06T17:09:57.683174', 'rec_user': 'mgrpoc', 'parent_id': 2, 'rec_notice': None, 'rec_status': 'TKN'}
- Line: {'proc': {'info': 'Process Line registered with id: [76]', 'name': 'PrclineAdd', 'action': 'Insert'}, 'rec_id': 76, 'proj_id': 1, 'act_date': '2020-12-06T17:10:00.180358', 'err_code': None, 'rec_date': '2020-12-06T17:09:57.683174', 'rec_user': 'mgrpoc', 'parent_id': 2, 'rec_notice': None, 'rec_status': 'TKN'}
- Line: {'proc': {'info': 'Process Line registered with id: [77]', 'name': 'PrclineAdd', 'action': 'Insert'}, 'rec_id': 77, 'proj_id': 1, 'act_date': '2020-12-06T17:10:00.226357', 'err_code': None, 'rec_date': '2020-12-06T17:09:57.683174', 'rec_user': 'mgrpoc', 'parent_id': 2, 'rec_notice': None, 'rec_status': 'TKN'}
- Line: {'proc': {'info': 'Process Line registered with id: [78]', 'name': 'PrclineAdd', 'action': 'Insert'}, 'rec_id': 78, 'proj_id': 1, 'act_date': '2020-12-06T17:10:00.370357', 'err_code': None, 'rec_date': '2020-12-06T17:09:57.683174', 'rec_user': 'mgrpoc', 'parent_id': 2, 'rec_notice': None, 'rec_status': 'TKN'}
- Line: {'proc': {'info': 'Process Line registered with id: [79]', 'name': 'PrclineAdd', 'action': 'Insert'}, 'rec_id': 79, 'proj_id': 1, 'act_date': '2020-12-06T17:10:00.412361', 'err_code': None, 'rec_date': '2020-12-06T17:09:57.683174', 'rec_user': 'mgrpoc', 'parent_id': 2, 'rec_notice': None, 'rec_status': 'TKN'}
- Line: {'proc': {'info': 'Process Line registered with id: [80]', 'name': 'PrclineAdd', 'action': 'Insert'}, 'rec_id': 80, 'proj_id': 1, 'act_date': '2020-12-06T17:10:00.450357', 'err_code': None, 'rec_date': '2020-12-06T17:09:57.683174', 'rec_user': 'mgrpoc', 'parent_id': 2, 'rec_notice': None, 'rec_status': 'TKN'}
- Line: {'proc': {'info': 'Process Line registered with id: [81]', 'name': 'PrclineAdd', 'action': 'Insert'}, 'rec_id': 81, 'proj_id': 1, 'act_date': '2020-12-06T17:10:00.488358', 'err_code': None, 'rec_date': '2020-12-06T17:09:57.683174', 'rec_user': 'mgrpoc', 'parent_id': 2, 'rec_notice': None, 'rec_status': 'TKN'}
- Line: {'proc': {'info': 'Process Line registered with id: [82]', 'name': 'PrclineAdd', 'action': 'Insert'}, 'rec_id': 82, 'proj_id': 1, 'act_date': '2020-12-06T17:10:00.535357', 'err_code': None, 'rec_date': '2020-12-06T17:09:57.683174', 'rec_user': 'mgrpoc', 'parent_id': 2, 'rec_notice': None, 'rec_status': 'TKN'}
- Line: {'proc': {'info': 'Process Line registered with id: [83]', 'name': 'PrclineAdd', 'action': 'Insert'}, 'rec_id': 83, 'proj_id': 1, 'act_date': '2020-12-06T17:10:00.577373', 'err_code': None, 'rec_date': '2020-12-06T17:09:57.683174', 'rec_user': 'mgrpoc', 'parent_id': 2, 'rec_notice': None, 'rec_status': 'TKN'}
- Line: {'proc': {'info': 'Process Line registered with id: [84]', 'name': 'PrclineAdd', 'action': 'Insert'}, 'rec_id': 84, 'proj_id': 1, 'act_date': '2020-12-06T17:10:00.621358', 'err_code': None, 'rec_date': '2020-12-06T17:09:57.683174', 'rec_user': 'mgrpoc', 'parent_id': 2, 'rec_notice': None, 'rec_status': 'TKN'}
- Line: {'proc': {'info': 'Process Line registered with id: [85]', 'name': 'PrclineAdd', 'action': 'Insert'}, 'rec_id': 85, 'proj_id': 1, 'act_date': '2020-12-06T17:10:00.660358', 'err_code': None, 'rec_date': '2020-12-06T17:09:57.683174', 'rec_user': 'mgrpoc', 'parent_id': 2, 'rec_notice': None, 'rec_status': 'TKN'}
- Line: {'proc': {'info': 'Process Line registered with id: [86]', 'name': 'PrclineAdd', 'action': 'Insert'}, 'rec_id': 86, 'proj_id': 1, 'act_date': '2020-12-06T17:10:00.705359', 'err_code': None, 'rec_date': '2020-12-06T17:09:57.683174', 'rec_user': 'mgrpoc', 'parent_id': 2, 'rec_notice': None, 'rec_status': 'TKN'}
- Line: {'proc': {'info': 'Process Line registered with id: [87]', 'name': 'PrclineAdd', 'action': 'Insert'}, 'rec_id': 87, 'proj_id': 1, 'act_date': '2020-12-06T17:10:00.742358', 'err_code': None, 'rec_date': '2020-12-06T17:09:57.683174', 'rec_user': 'mgrpoc', 'parent_id': 2, 'rec_notice': None, 'rec_status': 'TKN'}
- Line: {'proc': {'info': 'Process Line registered with id: [88]', 'name': 'PrclineAdd', 'action': 'Insert'}, 'rec_id': 88, 'proj_id': 1, 'act_date': '2020-12-06T17:10:00.775357', 'err_code': None, 'rec_date': '2020-12-06T17:09:57.683174', 'rec_user': 'mgrpoc', 'parent_id': 2, 'rec_notice': None, 'rec_status': 'TKN'}
- Line: {'proc': {'info': 'Process Line registered with id: [89]', 'name': 'PrclineAdd', 'action': 'Insert'}, 'rec_id': 89, 'proj_id': 1, 'act_date': '2020-12-06T17:10:00.809357', 'err_code': None, 'rec_date': '2020-12-06T17:09:57.683174', 'rec_user': 'mgrpoc', 'parent_id': 2, 'rec_notice': None, 'rec_status': 'TKN'}
- Line: {'proc': {'info': 'Process Line registered with id: [90]', 'name': 'PrclineAdd', 'action': 'Insert'}, 'rec_id': 90, 'proj_id': 1, 'act_date': '2020-12-06T17:10:00.845359', 'err_code': None, 'rec_date': '2020-12-06T17:09:57.683174', 'rec_user': 'mgrpoc', 'parent_id': 2, 'rec_notice': None, 'rec_status': 'TKN'}
- Line: {'proc': {'info': 'Process Line registered with id: [91]', 'name': 'PrclineAdd', 'action': 'Insert'}, 'rec_id': 91, 'proj_id': 1, 'act_date': '2020-12-06T17:10:00.878359', 'err_code': None, 'rec_date': '2020-12-06T17:09:57.683174', 'rec_user': 'mgrpoc', 'parent_id': 2, 'rec_notice': None, 'rec_status': 'TKN'}
- Line: {'proc': {'info': 'Process Line registered with id: [92]', 'name': 'PrclineAdd', 'action': 'Insert'}, 'rec_id': 92, 'proj_id': 1, 'act_date': '2020-12-06T17:10:00.913383', 'err_code': None, 'rec_date': '2020-12-06T17:09:57.683174', 'rec_user': 'mgrpoc', 'parent_id': 2, 'rec_notice': None, 'rec_status': 'TKN'}
- Line: {'proc': {'info': 'Process Line registered with id: [93]', 'name': 'PrclineAdd', 'action': 'Insert'}, 'rec_id': 93, 'proj_id': 1, 'act_date': '2020-12-06T17:10:00.948365', 'err_code': None, 'rec_date': '2020-12-06T17:09:57.683174', 'rec_user': 'mgrpoc', 'parent_id': 2, 'rec_notice': None, 'rec_status': 'TKN'}
- Line: {'proc': {'info': 'Process Line registered with id: [94]', 'name': 'PrclineAdd', 'action': 'Insert'}, 'rec_id': 94, 'proj_id': 1, 'act_date': '2020-12-06T17:10:00.983361', 'err_code': None, 'rec_date': '2020-12-06T17:09:57.683174', 'rec_user': 'mgrpoc', 'parent_id': 2, 'rec_notice': None, 'rec_status': 'TKN'}
- Line: {'proc': {'info': 'Process Line registered with id: [95]', 'name': 'PrclineAdd', 'action': 'Insert'}, 'rec_id': 95, 'proj_id': 1, 'act_date': '2020-12-06T17:10:01.019358', 'err_code': None, 'rec_date': '2020-12-06T17:09:57.683174', 'rec_user': 'mgrpoc', 'parent_id': 2, 'rec_notice': None, 'rec_status': 'TKN'}
- Line: {'proc': {'info': 'Process Line registered with id: [96]', 'name': 'PrclineAdd', 'action': 'Insert'}, 'rec_id': 96, 'proj_id': 1, 'act_date': '2020-12-06T17:10:01.053358', 'err_code': None, 'rec_date': '2020-12-06T17:09:57.683174', 'rec_user': 'mgrpoc', 'parent_id': 2, 'rec_notice': None, 'rec_status': 'TKN'}
- Line: {'proc': {'info': 'Process Line registered with id: [97]', 'name': 'PrclineAdd', 'action': 'Insert'}, 'rec_id': 97, 'proj_id': 1, 'act_date': '2020-12-06T17:10:01.089359', 'err_code': None, 'rec_date': '2020-12-06T17:09:57.683174', 'rec_user': 'mgrpoc', 'parent_id': 2, 'rec_notice': None, 'rec_status': 'TKN'}
- Line: {'proc': {'info': 'Process Line registered with id: [98]', 'name': 'PrclineAdd', 'action': 'Insert'}, 'rec_id': 98, 'proj_id': 1, 'act_date': '2020-12-06T17:10:01.122358', 'err_code': None, 'rec_date': '2020-12-06T17:09:57.683174', 'rec_user': 'mgrpoc', 'parent_id': 2, 'rec_notice': None, 'rec_status': 'TKN'}
- Line: {'proc': {'info': 'Process Line registered with id: [99]', 'name': 'PrclineAdd', 'action': 'Insert'}, 'rec_id': 99, 'proj_id': 1, 'act_date': '2020-12-06T17:10:01.262369', 'err_code': None, 'rec_date': '2020-12-06T17:09:57.683174', 'rec_user': 'mgrpoc', 'parent_id': 2, 'rec_notice': None, 'rec_status': 'TKN'}
- Line: {'proc': {'info': 'Process Line registered with id: [100]', 'name': 'PrclineAdd', 'action': 'Insert'}, 'rec_id': 100, 'proj_id': 1, 'act_date': '2020-12-06T17:10:01.307359', 'err_code': None, 'rec_date': '2020-12-06T17:09:57.683174', 'rec_user': 'mgrpoc', 'parent_id': 2, 'rec_notice': None, 'rec_status': 'TKN'}
- Line: {'proc': {'info': 'Process Line registered with id: [101]', 'name': 'PrclineAdd', 'action': 'Insert'}, 'rec_id': 101, 'proj_id': 1, 'act_date': '2020-12-06T17:10:01.347359', 'err_code': None, 'rec_date': '2020-12-06T17:09:57.683174', 'rec_user': 'mgrpoc', 'parent_id': 2, 'rec_notice': None, 'rec_status': 'TKN'}
- Line: {'proc': {'info': 'Process Line registered with id: [102]', 'name': 'PrclineAdd', 'action': 'Insert'}, 'rec_id': 102, 'proj_id': 1, 'act_date': '2020-12-06T17:10:01.384359', 'err_code': None, 'rec_date': '2020-12-06T17:09:57.683174', 'rec_user': 'mgrpoc', 'parent_id': 2, 'rec_notice': None, 'rec_status': 'TKN'}
- Line: {'proc': {'info': 'Process Line registered with id: [103]', 'name': 'PrclineAdd', 'action': 'Insert'}, 'rec_id': 103, 'proj_id': 1, 'act_date': '2020-12-06T17:10:01.42236', 'err_code': None, 'rec_date': '2020-12-06T17:09:57.683174', 'rec_user': 'mgrpoc', 'parent_id': 2, 'rec_notice': None, 'rec_status': 'TKN'}
- Line: {'proc': {'info': 'Process Line registered with id: [104]', 'name': 'PrclineAdd', 'action': 'Insert'}, 'rec_id': 104, 'proj_id': 1, 'act_date': '2020-12-06T17:10:01.461359', 'err_code': None, 'rec_date': '2020-12-06T17:09:57.683174', 'rec_user': 'mgrpoc', 'parent_id': 2, 'rec_notice': None, 'rec_status': 'TKN'}
- Line: {'proc': {'info': 'Process Line registered with id: [105]', 'name': 'PrclineAdd', 'action': 'Insert'}, 'rec_id': 105, 'proj_id': 1, 'act_date': '2020-12-06T17:10:01.49836', 'err_code': None, 'rec_date': '2020-12-06T17:09:57.683174', 'rec_user': 'mgrpoc', 'parent_id': 2, 'rec_notice': None, 'rec_status': 'TKN'}
- Line: {'proc': {'info': 'Process Line registered with id: [106]', 'name': 'PrclineAdd', 'action': 'Insert'}, 'rec_id': 106, 'proj_id': 1, 'act_date': '2020-12-06T17:10:01.538363', 'err_code': None, 'rec_date': '2020-12-06T17:09:57.683174', 'rec_user': 'mgrpoc', 'parent_id': 2, 'rec_notice': None, 'rec_status': 'TKN'}
- Line: {'proc': {'info': 'Process Line registered with id: [107]', 'name': 'PrclineAdd', 'action': 'Insert'}, 'rec_id': 107, 'proj_id': 1, 'act_date': '2020-12-06T17:10:01.57436', 'err_code': None, 'rec_date': '2020-12-06T17:09:57.683174', 'rec_user': 'mgrpoc', 'parent_id': 2, 'rec_notice': None, 'rec_status': 'TKN'}
- Line: {'proc': {'info': 'Process Line registered with id: [108]', 'name': 'PrclineAdd', 'action': 'Insert'}, 'rec_id': 108, 'proj_id': 1, 'act_date': '2020-12-06T17:10:01.61536', 'err_code': None, 'rec_date': '2020-12-06T17:09:57.683174', 'rec_user': 'mgrpoc', 'parent_id': 2, 'rec_notice': None, 'rec_status': 'TKN'}
- Line: {'proc': {'info': 'Process Line registered with id: [109]', 'name': 'PrclineAdd', 'action': 'Insert'}, 'rec_id': 109, 'proj_id': 1, 'act_date': '2020-12-06T17:10:01.651358', 'err_code': None, 'rec_date': '2020-12-06T17:09:57.683174', 'rec_user': 'mgrpoc', 'parent_id': 2, 'rec_notice': None, 'rec_status': 'TKN'}
- Line: {'proc': {'info': 'Process Line registered with id: [110]', 'name': 'PrclineAdd', 'action': 'Insert'}, 'rec_id': 110, 'proj_id': 1, 'act_date': '2020-12-06T17:10:01.68536', 'err_code': None, 'rec_date': '2020-12-06T17:09:57.683174', 'rec_user': 'mgrpoc', 'parent_id': 2, 'rec_notice': None, 'rec_status': 'TKN'}
- Line: {'proc': {'info': 'Process Line registered with id: [111]', 'name': 'PrclineAdd', 'action': 'Insert'}, 'rec_id': 111, 'proj_id': 1, 'act_date': '2020-12-06T17:10:01.719359', 'err_code': None, 'rec_date': '2020-12-06T17:09:57.683174', 'rec_user': 'mgrpoc', 'parent_id': 2, 'rec_notice': None, 'rec_status': 'TKN'}
- Line: {'proc': {'info': 'Process Line registered with id: [112]', 'name': 'PrclineAdd', 'action': 'Insert'}, 'rec_id': 112, 'proj_id': 1, 'act_date': '2020-12-06T17:10:01.756359', 'err_code': None, 'rec_date': '2020-12-06T17:09:57.683174', 'rec_user': 'mgrpoc', 'parent_id': 2, 'rec_notice': None, 'rec_status': 'TKN'}
- Line: {'proc': {'info': 'Process Line registered with id: [113]', 'name': 'PrclineAdd', 'action': 'Insert'}, 'rec_id': 113, 'proj_id': 1, 'act_date': '2020-12-06T17:10:01.791361', 'err_code': None, 'rec_date': '2020-12-06T17:09:57.683174', 'rec_user': 'mgrpoc', 'parent_id': 2, 'rec_notice': None, 'rec_status': 'TKN'}
- Line: {'proc': {'info': 'Process Line registered with id: [114]', 'name': 'PrclineAdd', 'action': 'Insert'}, 'rec_id': 114, 'proj_id': 1, 'act_date': '2020-12-06T17:10:01.83536', 'err_code': None, 'rec_date': '2020-12-06T17:09:57.683174', 'rec_user': 'mgrpoc', 'parent_id': 2, 'rec_notice': None, 'rec_status': 'TKN'}
- Line: {'proc': {'info': 'Process Line registered with id: [115]', 'name': 'PrclineAdd', 'action': 'Insert'}, 'rec_id': 115, 'proj_id': 1, 'act_date': '2020-12-06T17:10:01.87236', 'err_code': None, 'rec_date': '2020-12-06T17:09:57.683174', 'rec_user': 'mgrpoc', 'parent_id': 2, 'rec_notice': None, 'rec_status': 'TKN'}
- Line: {'proc': {'info': 'Process Line registered with id: [116]', 'name': 'PrclineAdd', 'action': 'Insert'}, 'rec_id': 116, 'proj_id': 1, 'act_date': '2020-12-06T17:10:01.909359', 'err_code': None, 'rec_date': '2020-12-06T17:09:57.683174', 'rec_user': 'mgrpoc', 'parent_id': 2, 'rec_notice': None, 'rec_status': 'TKN'}
- Line: {'proc': {'info': 'Process Line registered with id: [117]', 'name': 'PrclineAdd', 'action': 'Insert'}, 'rec_id': 117, 'proj_id': 1, 'act_date': '2020-12-06T17:10:01.942362', 'err_code': None, 'rec_date': '2020-12-06T17:09:57.683174', 'rec_user': 'mgrpoc', 'parent_id': 2, 'rec_notice': None, 'rec_status': 'TKN'}
- Line: {'proc': {'info': 'Process Line registered with id: [118]', 'name': 'PrclineAdd', 'action': 'Insert'}, 'rec_id': 118, 'proj_id': 1, 'act_date': '2020-12-06T17:10:01.97836', 'err_code': None, 'rec_date': '2020-12-06T17:09:57.683174', 'rec_user': 'mgrpoc', 'parent_id': 2, 'rec_notice': None, 'rec_status': 'TKN'}
- Line: {'proc': {'info': 'Process Line registered with id: [119]', 'name': 'PrclineAdd', 'action': 'Insert'}, 'rec_id': 119, 'proj_id': 1, 'act_date': '2020-12-06T17:10:02.01236', 'err_code': None, 'rec_date': '2020-12-06T17:09:57.683174', 'rec_user': 'mgrpoc', 'parent_id': 2, 'rec_notice': None, 'rec_status': 'TKN'}
- Line: {'proc': {'info': 'Process Line registered with id: [120]', 'name': 'PrclineAdd', 'action': 'Insert'}, 'rec_id': 120, 'proj_id': 1, 'act_date': '2020-12-06T17:10:02.047361', 'err_code': None, 'rec_date': '2020-12-06T17:09:57.683174', 'rec_user': 'mgrpoc', 'parent_id': 2, 'rec_notice': None, 'rec_status': 'TKN'}
- Line: {'proc': {'info': 'Process Line registered with id: [121]', 'name': 'PrclineAdd', 'action': 'Insert'}, 'rec_id': 121, 'proj_id': 1, 'act_date': '2020-12-06T17:10:02.080361', 'err_code': None, 'rec_date': '2020-12-06T17:09:57.683174', 'rec_user': 'mgrpoc', 'parent_id': 2, 'rec_notice': None, 'rec_status': 'TKN'}
- Line: {'proc': {'info': 'Process Line registered with id: [122]', 'name': 'PrclineAdd', 'action': 'Insert'}, 'rec_id': 122, 'proj_id': 1, 'act_date': '2020-12-06T17:10:02.114359', 'err_code': None, 'rec_date': '2020-12-06T17:09:57.683174', 'rec_user': 'mgrpoc', 'parent_id': 2, 'rec_notice': None, 'rec_status': 'TKN'}
- Line: {'proc': {'info': 'Process Line registered with id: [123]', 'name': 'PrclineAdd', 'action': 'Insert'}, 'rec_id': 123, 'proj_id': 1, 'act_date': '2020-12-06T17:10:02.147359', 'err_code': None, 'rec_date': '2020-12-06T17:09:57.683174', 'rec_user': 'mgrpoc', 'parent_id': 2, 'rec_notice': None, 'rec_status': 'TKN'}
- Line: {'proc': {'info': 'Process Line registered with id: [124]', 'name': 'PrclineAdd', 'action': 'Insert'}, 'rec_id': 124, 'proj_id': 1, 'act_date': '2020-12-06T17:10:02.183361', 'err_code': None, 'rec_date': '2020-12-06T17:09:57.683174', 'rec_user': 'mgrpoc', 'parent_id': 2, 'rec_notice': None, 'rec_status': 'TKN'}
- Line: {'proc': {'info': 'Process Line registered with id: [125]', 'name': 'PrclineAdd', 'action': 'Insert'}, 'rec_id': 125, 'proj_id': 1, 'act_date': '2020-12-06T17:10:02.221359', 'err_code': None, 'rec_date': '2020-12-06T17:09:57.683174', 'rec_user': 'mgrpoc', 'parent_id': 2, 'rec_notice': None, 'rec_status': 'TKN'}
- Line: {'proc': {'info': 'Process Line registered with id: [126]', 'name': 'PrclineAdd', 'action': 'Insert'}, 'rec_id': 126, 'proj_id': 1, 'act_date': '2020-12-06T17:10:02.260359', 'err_code': None, 'rec_date': '2020-12-06T17:09:57.683174', 'rec_user': 'mgrpoc', 'parent_id': 2, 'rec_notice': None, 'rec_status': 'TKN'}
- Line: {'proc': {'info': 'Process Line registered with id: [127]', 'name': 'PrclineAdd', 'action': 'Insert'}, 'rec_id': 127, 'proj_id': 1, 'act_date': '2020-12-06T17:10:02.30436', 'err_code': None, 'rec_date': '2020-12-06T17:09:57.683174', 'rec_user': 'mgrpoc', 'parent_id': 2, 'rec_notice': None, 'rec_status': 'TKN'}
- Line: {'proc': {'info': 'Process Line registered with id: [128]', 'name': 'PrclineAdd', 'action': 'Insert'}, 'rec_id': 128, 'proj_id': 1, 'act_date': '2020-12-06T17:10:02.33836', 'err_code': None, 'rec_date': '2020-12-06T17:09:57.683174', 'rec_user': 'mgrpoc', 'parent_id': 2, 'rec_notice': None, 'rec_status': 'TKN'}
- Line: {'proc': {'info': 'Process Line registered with id: [129]', 'name': 'PrclineAdd', 'action': 'Insert'}, 'rec_id': 129, 'proj_id': 1, 'act_date': '2020-12-06T17:10:02.375361', 'err_code': None, 'rec_date': '2020-12-06T17:09:57.683174', 'rec_user': 'mgrpoc', 'parent_id': 2, 'rec_notice': None, 'rec_status': 'TKN'}
- Line: {'proc': {'info': 'Process Line registered with id: [130]', 'name': 'PrclineAdd', 'action': 'Insert'}, 'rec_id': 130, 'proj_id': 1, 'act_date': '2020-12-06T17:10:02.415363', 'err_code': None, 'rec_date': '2020-12-06T17:09:57.683174', 'rec_user': 'mgrpoc', 'parent_id': 2, 'rec_notice': None, 'rec_status': 'TKN'}
- Line: {'proc': {'info': 'Process Line registered with id: [131]', 'name': 'PrclineAdd', 'action': 'Insert'}, 'rec_id': 131, 'proj_id': 1, 'act_date': '2020-12-06T17:10:02.456363', 'err_code': None, 'rec_date': '2020-12-06T17:09:57.683174', 'rec_user': 'mgrpoc', 'parent_id': 2, 'rec_notice': None, 'rec_status': 'TKN'}
- Line: {'proc': {'info': 'Process Line registered with id: [132]', 'name': 'PrclineAdd', 'action': 'Insert'}, 'rec_id': 132, 'proj_id': 1, 'act_date': '2020-12-06T17:10:02.50136', 'err_code': None, 'rec_date': '2020-12-06T17:09:57.683174', 'rec_user': 'mgrpoc', 'parent_id': 2, 'rec_notice': None, 'rec_status': 'TKN'}
- Line: {'proc': {'info': 'Process Line registered with id: [133]', 'name': 'PrclineAdd', 'action': 'Insert'}, 'rec_id': 133, 'proj_id': 1, 'act_date': '2020-12-06T17:10:02.639361', 'err_code': None, 'rec_date': '2020-12-06T17:09:57.683174', 'rec_user': 'mgrpoc', 'parent_id': 2, 'rec_notice': None, 'rec_status': 'TKN'}
- Line: {'proc': {'info': 'Process Line registered with id: [134]', 'name': 'PrclineAdd', 'action': 'Insert'}, 'rec_id': 134, 'proj_id': 1, 'act_date': '2020-12-06T17:10:02.677362', 'err_code': None, 'rec_date': '2020-12-06T17:09:57.683174', 'rec_user': 'mgrpoc', 'parent_id': 2, 'rec_notice': None, 'rec_status': 'TKN'}
- Line: {'proc': {'info': 'Process Line registered with id: [135]', 'name': 'PrclineAdd', 'action': 'Insert'}, 'rec_id': 135, 'proj_id': 1, 'act_date': '2020-12-06T17:10:02.710358', 'err_code': None, 'rec_date': '2020-12-06T17:09:57.683174', 'rec_user': 'mgrpoc', 'parent_id': 2, 'rec_notice': None, 'rec_status': 'TKN'}
- Line: {'proc': {'info': 'Process Line registered with id: [136]', 'name': 'PrclineAdd', 'action': 'Insert'}, 'rec_id': 136, 'proj_id': 1, 'act_date': '2020-12-06T17:10:02.74136', 'err_code': None, 'rec_date': '2020-12-06T17:09:57.683174', 'rec_user': 'mgrpoc', 'parent_id': 2, 'rec_notice': None, 'rec_status': 'TKN'}
- Line: {'proc': {'info': 'Process Line registered with id: [137]', 'name': 'PrclineAdd', 'action': 'Insert'}, 'rec_id': 137, 'proj_id': 1, 'act_date': '2020-12-06T17:10:02.773359', 'err_code': None, 'rec_date': '2020-12-06T17:09:57.683174', 'rec_user': 'mgrpoc', 'parent_id': 2, 'rec_notice': None, 'rec_status': 'TKN'}
- Line: {'proc': {'info': 'Process Line registered with id: [138]', 'name': 'PrclineAdd', 'action': 'Insert'}, 'rec_id': 138, 'proj_id': 1, 'act_date': '2020-12-06T17:10:02.808361', 'err_code': None, 'rec_date': '2020-12-06T17:09:57.683174', 'rec_user': 'mgrpoc', 'parent_id': 2, 'rec_notice': None, 'rec_status': 'TKN'}
- Line: {'proc': {'info': 'Process Line registered with id: [139]', 'name': 'PrclineAdd', 'action': 'Insert'}, 'rec_id': 139, 'proj_id': 1, 'act_date': '2020-12-06T17:10:02.846362', 'err_code': None, 'rec_date': '2020-12-06T17:09:57.683174', 'rec_user': 'mgrpoc', 'parent_id': 2, 'rec_notice': None, 'rec_status': 'TKN'}
- Line: {'proc': {'info': 'Process Line registered with id: [140]', 'name': 'PrclineAdd', 'action': 'Insert'}, 'rec_id': 140, 'proj_id': 1, 'act_date': '2020-12-06T17:10:02.885361', 'err_code': None, 'rec_date': '2020-12-06T17:09:57.683174', 'rec_user': 'mgrpoc', 'parent_id': 2, 'rec_notice': None, 'rec_status': 'TKN'}
- Line: {'proc': {'info': 'Process Line registered with id: [141]', 'name': 'PrclineAdd', 'action': 'Insert'}, 'rec_id': 141, 'proj_id': 1, 'act_date': '2020-12-06T17:10:02.92236', 'err_code': None, 'rec_date': '2020-12-06T17:09:57.683174', 'rec_user': 'mgrpoc', 'parent_id': 2, 'rec_notice': None, 'rec_status': 'TKN'}
- Line: {'proc': {'info': 'Process Line registered with id: [142]', 'name': 'PrclineAdd', 'action': 'Insert'}, 'rec_id': 142, 'proj_id': 1, 'act_date': '2020-12-06T17:10:02.95336', 'err_code': None, 'rec_date': '2020-12-06T17:09:57.683174', 'rec_user': 'mgrpoc', 'parent_id': 2, 'rec_notice': None, 'rec_status': 'TKN'}
- Line: {'proc': {'info': 'Process Line registered with id: [143]', 'name': 'PrclineAdd', 'action': 'Insert'}, 'rec_id': 143, 'proj_id': 1, 'act_date': '2020-12-06T17:10:02.98536', 'err_code': None, 'rec_date': '2020-12-06T17:09:57.683174', 'rec_user': 'mgrpoc', 'parent_id': 2, 'rec_notice': None, 'rec_status': 'TKN'}
- Line: {'proc': {'info': 'Process Line registered with id: [144]', 'name': 'PrclineAdd', 'action': 'Insert'}, 'rec_id': 144, 'proj_id': 1, 'act_date': '2020-12-06T17:10:03.023361', 'err_code': None, 'rec_date': '2020-12-06T17:09:57.683174', 'rec_user': 'mgrpoc', 'parent_id': 2, 'rec_notice': None, 'rec_status': 'TKN'}
- Line: {'proc': {'info': 'Process Line registered with id: [145]', 'name': 'PrclineAdd', 'action': 'Insert'}, 'rec_id': 145, 'proj_id': 1, 'act_date': '2020-12-06T17:10:03.061362', 'err_code': None, 'rec_date': '2020-12-06T17:09:57.683174', 'rec_user': 'mgrpoc', 'parent_id': 2, 'rec_notice': None, 'rec_status': 'TKN'}
- Line: {'proc': {'info': 'Process Line registered with id: [146]', 'name': 'PrclineAdd', 'action': 'Insert'}, 'rec_id': 146, 'proj_id': 1, 'act_date': '2020-12-06T17:10:03.103361', 'err_code': None, 'rec_date': '2020-12-06T17:09:57.683174', 'rec_user': 'mgrpoc', 'parent_id': 2, 'rec_notice': None, 'rec_status': 'TKN'}
- Line: {'proc': {'info': 'Process Line registered with id: [147]', 'name': 'PrclineAdd', 'action': 'Insert'}, 'rec_id': 147, 'proj_id': 1, 'act_date': '2020-12-06T17:10:03.13536', 'err_code': None, 'rec_date': '2020-12-06T17:09:57.683174', 'rec_user': 'mgrpoc', 'parent_id': 2, 'rec_notice': None, 'rec_status': 'TKN'}
- Line: {'proc': {'info': 'Process Line registered with id: [148]', 'name': 'PrclineAdd', 'action': 'Insert'}, 'rec_id': 148, 'proj_id': 1, 'act_date': '2020-12-06T17:10:03.165361', 'err_code': None, 'rec_date': '2020-12-06T17:09:57.683174', 'rec_user': 'mgrpoc', 'parent_id': 2, 'rec_notice': None, 'rec_status': 'TKN'}
- Line: {'proc': {'info': 'Process Line registered with id: [149]', 'name': 'PrclineAdd', 'action': 'Insert'}, 'rec_id': 149, 'proj_id': 1, 'act_date': '2020-12-06T17:10:03.199363', 'err_code': None, 'rec_date': '2020-12-06T17:09:57.683174', 'rec_user': 'mgrpoc', 'parent_id': 2, 'rec_notice': None, 'rec_status': 'TKN'}
- Line: {'proc': {'info': 'Process Line registered with id: [150]', 'name': 'PrclineAdd', 'action': 'Insert'}, 'rec_id': 150, 'proj_id': 1, 'act_date': '2020-12-06T17:10:03.243362', 'err_code': None, 'rec_date': '2020-12-06T17:09:57.683174', 'rec_user': 'mgrpoc', 'parent_id': 2, 'rec_notice': None, 'rec_status': 'TKN'}
- Line: {'proc': {'info': 'Process Line registered with id: [151]', 'name': 'PrclineAdd', 'action': 'Insert'}, 'rec_id': 151, 'proj_id': 1, 'act_date': '2020-12-06T17:10:03.290361', 'err_code': None, 'rec_date': '2020-12-06T17:09:57.683174', 'rec_user': 'mgrpoc', 'parent_id': 2, 'rec_notice': None, 'rec_status': 'TKN'}
- Line: {'proc': {'info': 'Process Line registered with id: [152]', 'name': 'PrclineAdd', 'action': 'Insert'}, 'rec_id': 152, 'proj_id': 1, 'act_date': '2020-12-06T17:10:03.330362', 'err_code': None, 'rec_date': '2020-12-06T17:09:57.683174', 'rec_user': 'mgrpoc', 'parent_id': 2, 'rec_notice': None, 'rec_status': 'TKN'}
- Line: {'proc': {'info': 'Process Line registered with id: [153]', 'name': 'PrclineAdd', 'action': 'Insert'}, 'rec_id': 153, 'proj_id': 1, 'act_date': '2020-12-06T17:10:03.365368', 'err_code': None, 'rec_date': '2020-12-06T17:09:57.683174', 'rec_user': 'mgrpoc', 'parent_id': 2, 'rec_notice': None, 'rec_status': 'TKN'}
- Line: {'proc': {'info': 'Process Line registered with id: [154]', 'name': 'PrclineAdd', 'action': 'Insert'}, 'rec_id': 154, 'proj_id': 1, 'act_date': '2020-12-06T17:10:03.402363', 'err_code': None, 'rec_date': '2020-12-06T17:09:57.683174', 'rec_user': 'mgrpoc', 'parent_id': 2, 'rec_notice': None, 'rec_status': 'TKN'}
- Line: {'proc': {'info': 'Process Line registered with id: [155]', 'name': 'PrclineAdd', 'action': 'Insert'}, 'rec_id': 155, 'proj_id': 1, 'act_date': '2020-12-06T17:10:03.442366', 'err_code': None, 'rec_date': '2020-12-06T17:09:57.683174', 'rec_user': 'mgrpoc', 'parent_id': 2, 'rec_notice': None, 'rec_status': 'TKN'}
- Line: {'proc': {'info': 'Process Line registered with id: [156]', 'name': 'PrclineAdd', 'action': 'Insert'}, 'rec_id': 156, 'proj_id': 1, 'act_date': '2020-12-06T17:10:03.487363', 'err_code': None, 'rec_date': '2020-12-06T17:09:57.683174', 'rec_user': 'mgrpoc', 'parent_id': 2, 'rec_notice': None, 'rec_status': 'TKN'}
- Line: {'proc': {'info': 'Process Line registered with id: [157]', 'name': 'PrclineAdd', 'action': 'Insert'}, 'rec_id': 157, 'proj_id': 1, 'act_date': '2020-12-06T17:10:03.524362', 'err_code': None, 'rec_date': '2020-12-06T17:09:57.683174', 'rec_user': 'mgrpoc', 'parent_id': 2, 'rec_notice': None, 'rec_status': 'TKN'}
- Line: {'proc': {'info': 'Process Line registered with id: [158]', 'name': 'PrclineAdd', 'action': 'Insert'}, 'rec_id': 158, 'proj_id': 1, 'act_date': '2020-12-06T17:10:03.559363', 'err_code': None, 'rec_date': '2020-12-06T17:09:57.683174', 'rec_user': 'mgrpoc', 'parent_id': 2, 'rec_notice': None, 'rec_status': 'TKN'}
- Line: {'proc': {'info': 'Process Line registered with id: [159]', 'name': 'PrclineAdd', 'action': 'Insert'}, 'rec_id': 159, 'proj_id': 1, 'act_date': '2020-12-06T17:10:03.594361', 'err_code': None, 'rec_date': '2020-12-06T17:09:57.683174', 'rec_user': 'mgrpoc', 'parent_id': 2, 'rec_notice': None, 'rec_status': 'TKN'}
- Line: {'proc': {'info': 'Process Line registered with id: [160]', 'name': 'PrclineAdd', 'action': 'Insert'}, 'rec_id': 160, 'proj_id': 1, 'act_date': '2020-12-06T17:10:03.633362', 'err_code': None, 'rec_date': '2020-12-06T17:09:57.683174', 'rec_user': 'mgrpoc', 'parent_id': 2, 'rec_notice': None, 'rec_status': 'TKN'}
- Line: {'proc': {'info': 'Process Line registered with id: [161]', 'name': 'PrclineAdd', 'action': 'Insert'}, 'rec_id': 161, 'proj_id': 1, 'act_date': '2020-12-06T17:10:03.674365', 'err_code': None, 'rec_date': '2020-12-06T17:09:57.683174', 'rec_user': 'mgrpoc', 'parent_id': 2, 'rec_notice': None, 'rec_status': 'TKN'}
- Line: {'proc': {'info': 'Process Line registered with id: [162]', 'name': 'PrclineAdd', 'action': 'Insert'}, 'rec_id': 162, 'proj_id': 1, 'act_date': '2020-12-06T17:10:03.713363', 'err_code': None, 'rec_date': '2020-12-06T17:09:57.683174', 'rec_user': 'mgrpoc', 'parent_id': 2, 'rec_notice': None, 'rec_status': 'TKN'}
- Line: {'proc': {'info': 'Process Line registered with id: [163]', 'name': 'PrclineAdd', 'action': 'Insert'}, 'rec_id': 163, 'proj_id': 1, 'act_date': '2020-12-06T17:10:03.744361', 'err_code': None, 'rec_date': '2020-12-06T17:09:57.683174', 'rec_user': 'mgrpoc', 'parent_id': 2, 'rec_notice': None, 'rec_status': 'TKN'}
- Line: {'proc': {'info': 'Process Line registered with id: [164]', 'name': 'PrclineAdd', 'action': 'Insert'}, 'rec_id': 164, 'proj_id': 1, 'act_date': '2020-12-06T17:10:03.779362', 'err_code': None, 'rec_date': '2020-12-06T17:09:57.683174', 'rec_user': 'mgrpoc', 'parent_id': 2, 'rec_notice': None, 'rec_status': 'TKN'}
- Line: {'proc': {'info': 'Process Line registered with id: [165]', 'name': 'PrclineAdd', 'action': 'Insert'}, 'rec_id': 165, 'proj_id': 1, 'act_date': '2020-12-06T17:10:03.822364', 'err_code': None, 'rec_date': '2020-12-06T17:09:57.683174', 'rec_user': 'mgrpoc', 'parent_id': 2, 'rec_notice': None, 'rec_status': 'TKN'}
- Line: {'proc': {'info': 'Process Line registered with id: [166]', 'name': 'PrclineAdd', 'action': 'Insert'}, 'rec_id': 166, 'proj_id': 1, 'act_date': '2020-12-06T17:10:03.877362', 'err_code': None, 'rec_date': '2020-12-06T17:09:57.683174', 'rec_user': 'mgrpoc', 'parent_id': 2, 'rec_notice': None, 'rec_status': 'TKN'}
- Line: {'proc': {'info': 'Process Line registered with id: [167]', 'name': 'PrclineAdd', 'action': 'Insert'}, 'rec_id': 167, 'proj_id': 1, 'act_date': '2020-12-06T17:10:03.916362', 'err_code': None, 'rec_date': '2020-12-06T17:09:57.683174', 'rec_user': 'mgrpoc', 'parent_id': 2, 'rec_notice': None, 'rec_status': 'TKN'}
- Line: {'proc': {'info': 'Process Line registered with id: [168]', 'name': 'PrclineAdd', 'action': 'Insert'}, 'rec_id': 168, 'proj_id': 1, 'act_date': '2020-12-06T17:10:03.953362', 'err_code': None, 'rec_date': '2020-12-06T17:09:57.683174', 'rec_user': 'mgrpoc', 'parent_id': 2, 'rec_notice': None, 'rec_status': 'TKN'}
- Line: {'proc': {'info': 'Process Line registered with id: [169]', 'name': 'PrclineAdd', 'action': 'Insert'}, 'rec_id': 169, 'proj_id': 1, 'act_date': '2020-12-06T17:10:03.987361', 'err_code': None, 'rec_date': '2020-12-06T17:09:57.683174', 'rec_user': 'mgrpoc', 'parent_id': 2, 'rec_notice': None, 'rec_status': 'TKN'}
- Line: {'proc': {'info': 'Process Line registered with id: [170]', 'name': 'PrclineAdd', 'action': 'Insert'}, 'rec_id': 170, 'proj_id': 1, 'act_date': '2020-12-06T17:10:04.019362', 'err_code': None, 'rec_date': '2020-12-06T17:09:57.683174', 'rec_user': 'mgrpoc', 'parent_id': 2, 'rec_notice': None, 'rec_status': 'TKN'}
- Line: {'proc': {'info': 'Process Line registered with id: [171]', 'name': 'PrclineAdd', 'action': 'Insert'}, 'rec_id': 171, 'proj_id': 1, 'act_date': '2020-12-06T17:10:04.056361', 'err_code': None, 'rec_date': '2020-12-06T17:09:57.683174', 'rec_user': 'mgrpoc', 'parent_id': 2, 'rec_notice': None, 'rec_status': 'TKN'}
- Line: {'proc': {'info': 'Process Line registered with id: [172]', 'name': 'PrclineAdd', 'action': 'Insert'}, 'rec_id': 172, 'proj_id': 1, 'act_date': '2020-12-06T17:10:04.092362', 'err_code': None, 'rec_date': '2020-12-06T17:09:57.683174', 'rec_user': 'mgrpoc', 'parent_id': 2, 'rec_notice': None, 'rec_status': 'TKN'}
- Line: {'proc': {'info': 'Process Line registered with id: [173]', 'name': 'PrclineAdd', 'action': 'Insert'}, 'rec_id': 173, 'proj_id': 1, 'act_date': '2020-12-06T17:10:04.126362', 'err_code': None, 'rec_date': '2020-12-06T17:09:57.683174', 'rec_user': 'mgrpoc', 'parent_id': 2, 'rec_notice': None, 'rec_status': 'TKN'}
- Line: {'proc': {'info': 'Process Line registered with id: [174]', 'name': 'PrclineAdd', 'action': 'Insert'}, 'rec_id': 174, 'proj_id': 1, 'act_date': '2020-12-06T17:10:04.158362', 'err_code': None, 'rec_date': '2020-12-06T17:09:57.683174', 'rec_user': 'mgrpoc', 'parent_id': 2, 'rec_notice': None, 'rec_status': 'TKN'}
- Line: {'proc': {'info': 'Process Line registered with id: [175]', 'name': 'PrclineAdd', 'action': 'Insert'}, 'rec_id': 175, 'proj_id': 1, 'act_date': '2020-12-06T17:10:04.193362', 'err_code': None, 'rec_date': '2020-12-06T17:09:57.683174', 'rec_user': 'mgrpoc', 'parent_id': 2, 'rec_notice': None, 'rec_status': 'TKN'}
- Line: {'proc': {'info': 'Process Line registered with id: [176]', 'name': 'PrclineAdd', 'action': 'Insert'}, 'rec_id': 176, 'proj_id': 1, 'act_date': '2020-12-06T17:10:04.229365', 'err_code': None, 'rec_date': '2020-12-06T17:09:57.683174', 'rec_user': 'mgrpoc', 'parent_id': 2, 'rec_notice': None, 'rec_status': 'TKN'}
- Line: {'proc': {'info': 'Process Line registered with id: [177]', 'name': 'PrclineAdd', 'action': 'Insert'}, 'rec_id': 177, 'proj_id': 1, 'act_date': '2020-12-06T17:10:04.274363', 'err_code': None, 'rec_date': '2020-12-06T17:09:57.683174', 'rec_user': 'mgrpoc', 'parent_id': 2, 'rec_notice': None, 'rec_status': 'TKN'}
- Line: {'proc': {'info': 'Process Line registered with id: [178]', 'name': 'PrclineAdd', 'action': 'Insert'}, 'rec_id': 178, 'proj_id': 1, 'act_date': '2020-12-06T17:10:04.315364', 'err_code': None, 'rec_date': '2020-12-06T17:09:57.683174', 'rec_user': 'mgrpoc', 'parent_id': 2, 'rec_notice': None, 'rec_status': 'TKN'}
- Line: {'proc': {'info': 'Process Line registered with id: [179]', 'name': 'PrclineAdd', 'action': 'Insert'}, 'rec_id': 179, 'proj_id': 1, 'act_date': '2020-12-06T17:10:04.354364', 'err_code': None, 'rec_date': '2020-12-06T17:09:57.683174', 'rec_user': 'mgrpoc', 'parent_id': 2, 'rec_notice': None, 'rec_status': 'TKN'}
- Line: {'proc': {'info': 'Process Line registered with id: [180]', 'name': 'PrclineAdd', 'action': 'Insert'}, 'rec_id': 180, 'proj_id': 1, 'act_date': '2020-12-06T17:10:04.390365', 'err_code': None, 'rec_date': '2020-12-06T17:09:57.683174', 'rec_user': 'mgrpoc', 'parent_id': 2, 'rec_notice': None, 'rec_status': 'TKN'}
- Line: {'proc': {'info': 'Process Line registered with id: [181]', 'name': 'PrclineAdd', 'action': 'Insert'}, 'rec_id': 181, 'proj_id': 1, 'act_date': '2020-12-06T17:10:04.425365', 'err_code': None, 'rec_date': '2020-12-06T17:09:57.683174', 'rec_user': 'mgrpoc', 'parent_id': 2, 'rec_notice': None, 'rec_status': 'TKN'}
- Line: {'proc': {'info': 'Process Line registered with id: [182]', 'name': 'PrclineAdd', 'action': 'Insert'}, 'rec_id': 182, 'proj_id': 1, 'act_date': '2020-12-06T17:10:04.557364', 'err_code': None, 'rec_date': '2020-12-06T17:09:57.683174', 'rec_user': 'mgrpoc', 'parent_id': 2, 'rec_notice': None, 'rec_status': 'TKN'}
- Line: {'proc': {'info': 'Process Line registered with id: [183]', 'name': 'PrclineAdd', 'action': 'Insert'}, 'rec_id': 183, 'proj_id': 1, 'act_date': '2020-12-06T17:10:04.592365', 'err_code': None, 'rec_date': '2020-12-06T17:09:57.683174', 'rec_user': 'mgrpoc', 'parent_id': 2, 'rec_notice': None, 'rec_status': 'TKN'}
- Line: {'proc': {'info': 'Process Line registered with id: [184]', 'name': 'PrclineAdd', 'action': 'Insert'}, 'rec_id': 184, 'proj_id': 1, 'act_date': '2020-12-06T17:10:04.626364', 'err_code': None, 'rec_date': '2020-12-06T17:09:57.683174', 'rec_user': 'mgrpoc', 'parent_id': 2, 'rec_notice': None, 'rec_status': 'TKN'}
- Line: {'proc': {'info': 'Process Line registered with id: [185]', 'name': 'PrclineAdd', 'action': 'Insert'}, 'rec_id': 185, 'proj_id': 1, 'act_date': '2020-12-06T17:10:04.669364', 'err_code': None, 'rec_date': '2020-12-06T17:09:57.683174', 'rec_user': 'mgrpoc', 'parent_id': 2, 'rec_notice': None, 'rec_status': 'TKN'}
- Line: {'proc': {'info': 'Process Line registered with id: [186]', 'name': 'PrclineAdd', 'action': 'Insert'}, 'rec_id': 186, 'proj_id': 1, 'act_date': '2020-12-06T17:10:04.710371', 'err_code': None, 'rec_date': '2020-12-06T17:09:57.683174', 'rec_user': 'mgrpoc', 'parent_id': 2, 'rec_notice': None, 'rec_status': 'TKN'}
- Line: {'proc': {'info': 'Process Line registered with id: [187]', 'name': 'PrclineAdd', 'action': 'Insert'}, 'rec_id': 187, 'proj_id': 1, 'act_date': '2020-12-06T17:10:04.746367', 'err_code': None, 'rec_date': '2020-12-06T17:09:57.683174', 'rec_user': 'mgrpoc', 'parent_id': 2, 'rec_notice': None, 'rec_status': 'TKN'}
- Line: {'proc': {'info': 'Process Line registered with id: [188]', 'name': 'PrclineAdd', 'action': 'Insert'}, 'rec_id': 188, 'proj_id': 1, 'act_date': '2020-12-06T17:10:04.776363', 'err_code': None, 'rec_date': '2020-12-06T17:09:57.683174', 'rec_user': 'mgrpoc', 'parent_id': 2, 'rec_notice': None, 'rec_status': 'TKN'}
- Line: {'proc': {'info': 'Process Line registered with id: [189]', 'name': 'PrclineAdd', 'action': 'Insert'}, 'rec_id': 189, 'proj_id': 1, 'act_date': '2020-12-06T17:10:04.808363', 'err_code': None, 'rec_date': '2020-12-06T17:09:57.683174', 'rec_user': 'mgrpoc', 'parent_id': 2, 'rec_notice': None, 'rec_status': 'TKN'}
- Line: {'proc': {'info': 'Process Line registered with id: [190]', 'name': 'PrclineAdd', 'action': 'Insert'}, 'rec_id': 190, 'proj_id': 1, 'act_date': '2020-12-06T17:10:04.843366', 'err_code': None, 'rec_date': '2020-12-06T17:09:57.683174', 'rec_user': 'mgrpoc', 'parent_id': 2, 'rec_notice': None, 'rec_status': 'TKN'}
- Line: {'proc': {'info': 'Process Line registered with id: [191]', 'name': 'PrclineAdd', 'action': 'Insert'}, 'rec_id': 191, 'proj_id': 1, 'act_date': '2020-12-06T17:10:04.882375', 'err_code': None, 'rec_date': '2020-12-06T17:09:57.683174', 'rec_user': 'mgrpoc', 'parent_id': 2, 'rec_notice': None, 'rec_status': 'TKN'}
- Line: {'proc': {'info': 'Process Line registered with id: [192]', 'name': 'PrclineAdd', 'action': 'Insert'}, 'rec_id': 192, 'proj_id': 1, 'act_date': '2020-12-06T17:10:04.916363', 'err_code': None, 'rec_date': '2020-12-06T17:09:57.683174', 'rec_user': 'mgrpoc', 'parent_id': 2, 'rec_notice': None, 'rec_status': 'TKN'}
- Line: {'proc': {'info': 'Process Line registered with id: [193]', 'name': 'PrclineAdd', 'action': 'Insert'}, 'rec_id': 193, 'proj_id': 1, 'act_date': '2020-12-06T17:10:04.949364', 'err_code': None, 'rec_date': '2020-12-06T17:09:57.683174', 'rec_user': 'mgrpoc', 'parent_id': 2, 'rec_notice': None, 'rec_status': 'TKN'}
- Line: {'proc': {'info': 'Process Line registered with id: [194]', 'name': 'PrclineAdd', 'action': 'Insert'}, 'rec_id': 194, 'proj_id': 1, 'act_date': '2020-12-06T17:10:04.979363', 'err_code': None, 'rec_date': '2020-12-06T17:09:57.683174', 'rec_user': 'mgrpoc', 'parent_id': 2, 'rec_notice': None, 'rec_status': 'TKN'}
- Line: {'proc': {'info': 'Process Line registered with id: [195]', 'name': 'PrclineAdd', 'action': 'Insert'}, 'rec_id': 195, 'proj_id': 1, 'act_date': '2020-12-06T17:10:05.010364', 'err_code': None, 'rec_date': '2020-12-06T17:09:57.683174', 'rec_user': 'mgrpoc', 'parent_id': 2, 'rec_notice': None, 'rec_status': 'TKN'}
- Line: {'proc': {'info': 'Process Line registered with id: [196]', 'name': 'PrclineAdd', 'action': 'Insert'}, 'rec_id': 196, 'proj_id': 1, 'act_date': '2020-12-06T17:10:05.048365', 'err_code': None, 'rec_date': '2020-12-06T17:09:57.683174', 'rec_user': 'mgrpoc', 'parent_id': 2, 'rec_notice': None, 'rec_status': 'TKN'}
- Line: {'proc': {'info': 'Process Line registered with id: [197]', 'name': 'PrclineAdd', 'action': 'Insert'}, 'rec_id': 197, 'proj_id': 1, 'act_date': '2020-12-06T17:10:05.206367', 'err_code': None, 'rec_date': '2020-12-06T17:09:57.683174', 'rec_user': 'mgrpoc', 'parent_id': 2, 'rec_notice': None, 'rec_status': 'TKN'}
- Line: {'proc': {'info': 'Process Line registered with id: [198]', 'name': 'PrclineAdd', 'action': 'Insert'}, 'rec_id': 198, 'proj_id': 1, 'act_date': '2020-12-06T17:10:05.252365', 'err_code': None, 'rec_date': '2020-12-06T17:09:57.683174', 'rec_user': 'mgrpoc', 'parent_id': 2, 'rec_notice': None, 'rec_status': 'TKN'}
- Line: {'proc': {'info': 'Process Line registered with id: [199]', 'name': 'PrclineAdd', 'action': 'Insert'}, 'rec_id': 199, 'proj_id': 1, 'act_date': '2020-12-06T17:10:05.299365', 'err_code': None, 'rec_date': '2020-12-06T17:09:57.683174', 'rec_user': 'mgrpoc', 'parent_id': 2, 'rec_notice': None, 'rec_status': 'TKN'}
- Line: {'proc': {'info': 'Process Line registered with id: [200]', 'name': 'PrclineAdd', 'action': 'Insert'}, 'rec_id': 200, 'proj_id': 1, 'act_date': '2020-12-06T17:10:05.337378', 'err_code': None, 'rec_date': '2020-12-06T17:09:57.683174', 'rec_user': 'mgrpoc', 'parent_id': 2, 'rec_notice': None, 'rec_status': 'TKN'}
- Line: {'proc': {'info': 'Process Line registered with id: [201]', 'name': 'PrclineAdd', 'action': 'Insert'}, 'rec_id': 201, 'proj_id': 1, 'act_date': '2020-12-06T17:10:05.371364', 'err_code': None, 'rec_date': '2020-12-06T17:09:57.683174', 'rec_user': 'mgrpoc', 'parent_id': 2, 'rec_notice': None, 'rec_status': 'TKN'}
- Line: {'proc': {'info': 'Process Line registered with id: [202]', 'name': 'PrclineAdd', 'action': 'Insert'}, 'rec_id': 202, 'proj_id': 1, 'act_date': '2020-12-06T17:10:05.403366', 'err_code': None, 'rec_date': '2020-12-06T17:09:57.683174', 'rec_user': 'mgrpoc', 'parent_id': 2, 'rec_notice': None, 'rec_status': 'TKN'}
- Line: {'proc': {'info': 'Process Line registered with id: [203]', 'name': 'PrclineAdd', 'action': 'Insert'}, 'rec_id': 203, 'proj_id': 1, 'act_date': '2020-12-06T17:10:05.444366', 'err_code': None, 'rec_date': '2020-12-06T17:09:57.683174', 'rec_user': 'mgrpoc', 'parent_id': 2, 'rec_notice': None, 'rec_status': 'TKN'}
- Line: {'proc': {'info': 'Process Line registered with id: [204]', 'name': 'PrclineAdd', 'action': 'Insert'}, 'rec_id': 204, 'proj_id': 1, 'act_date': '2020-12-06T17:10:05.489365', 'err_code': None, 'rec_date': '2020-12-06T17:09:57.683174', 'rec_user': 'mgrpoc', 'parent_id': 2, 'rec_notice': None, 'rec_status': 'TKN'}
- Line: {'proc': {'info': 'Process Line registered with id: [205]', 'name': 'PrclineAdd', 'action': 'Insert'}, 'rec_id': 205, 'proj_id': 1, 'act_date': '2020-12-06T17:10:05.537367', 'err_code': None, 'rec_date': '2020-12-06T17:09:57.683174', 'rec_user': 'mgrpoc', 'parent_id': 2, 'rec_notice': None, 'rec_status': 'TKN'}
- Line: {'proc': {'info': 'Process Line registered with id: [206]', 'name': 'PrclineAdd', 'action': 'Insert'}, 'rec_id': 206, 'proj_id': 1, 'act_date': '2020-12-06T17:10:05.580365', 'err_code': None, 'rec_date': '2020-12-06T17:09:57.683174', 'rec_user': 'mgrpoc', 'parent_id': 2, 'rec_notice': None, 'rec_status': 'TKN'}
- Line: {'proc': {'info': 'Process Line registered with id: [207]', 'name': 'PrclineAdd', 'action': 'Insert'}, 'rec_id': 207, 'proj_id': 1, 'act_date': '2020-12-06T17:10:05.617366', 'err_code': None, 'rec_date': '2020-12-06T17:09:57.683174', 'rec_user': 'mgrpoc', 'parent_id': 2, 'rec_notice': None, 'rec_status': 'TKN'}
- Line: {'proc': {'info': 'Process Line registered with id: [208]', 'name': 'PrclineAdd', 'action': 'Insert'}, 'rec_id': 208, 'proj_id': 1, 'act_date': '2020-12-06T17:10:05.650364', 'err_code': None, 'rec_date': '2020-12-06T17:09:57.683174', 'rec_user': 'mgrpoc', 'parent_id': 2, 'rec_notice': None, 'rec_status': 'TKN'}
- Line: {'proc': {'info': 'Process Line registered with id: [209]', 'name': 'PrclineAdd', 'action': 'Insert'}, 'rec_id': 209, 'proj_id': 1, 'act_date': '2020-12-06T17:10:05.688366', 'err_code': None, 'rec_date': '2020-12-06T17:09:57.683174', 'rec_user': 'mgrpoc', 'parent_id': 2, 'rec_notice': None, 'rec_status': 'TKN'}
- Line: {'proc': {'info': 'Process Line registered with id: [210]', 'name': 'PrclineAdd', 'action': 'Insert'}, 'rec_id': 210, 'proj_id': 1, 'act_date': '2020-12-06T17:10:05.729373', 'err_code': None, 'rec_date': '2020-12-06T17:09:57.683174', 'rec_user': 'mgrpoc', 'parent_id': 2, 'rec_notice': None, 'rec_status': 'TKN'}
- Line: {'proc': {'info': 'Process Line registered with id: [211]', 'name': 'PrclineAdd', 'action': 'Insert'}, 'rec_id': 211, 'proj_id': 1, 'act_date': '2020-12-06T17:10:05.768365', 'err_code': None, 'rec_date': '2020-12-06T17:09:57.683174', 'rec_user': 'mgrpoc', 'parent_id': 2, 'rec_notice': None, 'rec_status': 'TKN'}
- Line: {'proc': {'info': 'Process Line registered with id: [212]', 'name': 'PrclineAdd', 'action': 'Insert'}, 'rec_id': 212, 'proj_id': 1, 'act_date': '2020-12-06T17:10:05.806366', 'err_code': None, 'rec_date': '2020-12-06T17:09:57.683174', 'rec_user': 'mgrpoc', 'parent_id': 2, 'rec_notice': None, 'rec_status': 'TKN'}
- Line: {'proc': {'info': 'Process Line registered with id: [213]', 'name': 'PrclineAdd', 'action': 'Insert'}, 'rec_id': 213, 'proj_id': 1, 'act_date': '2020-12-06T17:10:05.846366', 'err_code': None, 'rec_date': '2020-12-06T17:09:57.683174', 'rec_user': 'mgrpoc', 'parent_id': 2, 'rec_notice': None, 'rec_status': 'TKN'}
- Line: {'proc': {'info': 'Process Line registered with id: [214]', 'name': 'PrclineAdd', 'action': 'Insert'}, 'rec_id': 214, 'proj_id': 1, 'act_date': '2020-12-06T17:10:05.886365', 'err_code': None, 'rec_date': '2020-12-06T17:09:57.683174', 'rec_user': 'mgrpoc', 'parent_id': 2, 'rec_notice': None, 'rec_status': 'TKN'}
- Line: {'proc': {'info': 'Process Line registered with id: [215]', 'name': 'PrclineAdd', 'action': 'Insert'}, 'rec_id': 215, 'proj_id': 1, 'act_date': '2020-12-06T17:10:06.024367', 'err_code': None, 'rec_date': '2020-12-06T17:09:57.683174', 'rec_user': 'mgrpoc', 'parent_id': 2, 'rec_notice': None, 'rec_status': 'TKN'}
- Line: {'proc': {'info': 'Process Line registered with id: [216]', 'name': 'PrclineAdd', 'action': 'Insert'}, 'rec_id': 216, 'proj_id': 1, 'act_date': '2020-12-06T17:10:06.065369', 'err_code': None, 'rec_date': '2020-12-06T17:09:57.683174', 'rec_user': 'mgrpoc', 'parent_id': 2, 'rec_notice': None, 'rec_status': 'TKN'}
- Line: {'proc': {'info': 'Process Line registered with id: [217]', 'name': 'PrclineAdd', 'action': 'Insert'}, 'rec_id': 217, 'proj_id': 1, 'act_date': '2020-12-06T17:10:06.109367', 'err_code': None, 'rec_date': '2020-12-06T17:09:57.683174', 'rec_user': 'mgrpoc', 'parent_id': 2, 'rec_notice': None, 'rec_status': 'TKN'}
- Line: {'proc': {'info': 'Process Line registered with id: [218]', 'name': 'PrclineAdd', 'action': 'Insert'}, 'rec_id': 218, 'proj_id': 1, 'act_date': '2020-12-06T17:10:06.148368', 'err_code': None, 'rec_date': '2020-12-06T17:09:57.683174', 'rec_user': 'mgrpoc', 'parent_id': 2, 'rec_notice': None, 'rec_status': 'TKN'}
- Line: {'proc': {'info': 'Process Line registered with id: [219]', 'name': 'PrclineAdd', 'action': 'Insert'}, 'rec_id': 219, 'proj_id': 1, 'act_date': '2020-12-06T17:10:06.180366', 'err_code': None, 'rec_date': '2020-12-06T17:09:57.683174', 'rec_user': 'mgrpoc', 'parent_id': 2, 'rec_notice': None, 'rec_status': 'TKN'}
- Line: {'proc': {'info': 'Process Line registered with id: [220]', 'name': 'PrclineAdd', 'action': 'Insert'}, 'rec_id': 220, 'proj_id': 1, 'act_date': '2020-12-06T17:10:06.215366', 'err_code': None, 'rec_date': '2020-12-06T17:09:57.683174', 'rec_user': 'mgrpoc', 'parent_id': 2, 'rec_notice': None, 'rec_status': 'TKN'}
- Line: {'proc': {'info': 'Process Line registered with id: [221]', 'name': 'PrclineAdd', 'action': 'Insert'}, 'rec_id': 221, 'proj_id': 1, 'act_date': '2020-12-06T17:10:06.258367', 'err_code': None, 'rec_date': '2020-12-06T17:09:57.683174', 'rec_user': 'mgrpoc', 'parent_id': 2, 'rec_notice': None, 'rec_status': 'TKN'}
- Line: {'proc': {'info': 'Process Line registered with id: [222]', 'name': 'PrclineAdd', 'action': 'Insert'}, 'rec_id': 222, 'proj_id': 1, 'act_date': '2020-12-06T17:10:06.303367', 'err_code': None, 'rec_date': '2020-12-06T17:09:57.683174', 'rec_user': 'mgrpoc', 'parent_id': 2, 'rec_notice': None, 'rec_status': 'TKN'}
- Line: {'proc': {'info': 'Process Line registered with id: [223]', 'name': 'PrclineAdd', 'action': 'Insert'}, 'rec_id': 223, 'proj_id': 1, 'act_date': '2020-12-06T17:10:06.346368', 'err_code': None, 'rec_date': '2020-12-06T17:09:57.683174', 'rec_user': 'mgrpoc', 'parent_id': 2, 'rec_notice': None, 'rec_status': 'TKN'}
- Line: {'proc': {'info': 'Process Line registered with id: [224]', 'name': 'PrclineAdd', 'action': 'Insert'}, 'rec_id': 224, 'proj_id': 1, 'act_date': '2020-12-06T17:10:06.386367', 'err_code': None, 'rec_date': '2020-12-06T17:09:57.683174', 'rec_user': 'mgrpoc', 'parent_id': 2, 'rec_notice': None, 'rec_status': 'TKN'}
- Line: {'proc': {'info': 'Process Line registered with id: [225]', 'name': 'PrclineAdd', 'action': 'Insert'}, 'rec_id': 225, 'proj_id': 1, 'act_date': '2020-12-06T17:10:06.420366', 'err_code': None, 'rec_date': '2020-12-06T17:09:57.683174', 'rec_user': 'mgrpoc', 'parent_id': 2, 'rec_notice': None, 'rec_status': 'TKN'}
- Line: {'proc': {'info': 'Process Line registered with id: [226]', 'name': 'PrclineAdd', 'action': 'Insert'}, 'rec_id': 226, 'proj_id': 1, 'act_date': '2020-12-06T17:10:06.461369', 'err_code': None, 'rec_date': '2020-12-06T17:09:57.683174', 'rec_user': 'mgrpoc', 'parent_id': 2, 'rec_notice': None, 'rec_status': 'TKN'}
- Line: {'proc': {'info': 'Process Line registered with id: [227]', 'name': 'PrclineAdd', 'action': 'Insert'}, 'rec_id': 227, 'proj_id': 1, 'act_date': '2020-12-06T17:10:06.508367', 'err_code': None, 'rec_date': '2020-12-06T17:09:57.683174', 'rec_user': 'mgrpoc', 'parent_id': 2, 'rec_notice': None, 'rec_status': 'TKN'}
- Line: {'proc': {'info': 'Process Line registered with id: [228]', 'name': 'PrclineAdd', 'action': 'Insert'}, 'rec_id': 228, 'proj_id': 1, 'act_date': '2020-12-06T17:10:06.553366', 'err_code': None, 'rec_date': '2020-12-06T17:09:57.683174', 'rec_user': 'mgrpoc', 'parent_id': 2, 'rec_notice': None, 'rec_status': 'TKN'}
- Line: {'proc': {'info': 'Process Line registered with id: [229]', 'name': 'PrclineAdd', 'action': 'Insert'}, 'rec_id': 229, 'proj_id': 1, 'act_date': '2020-12-06T17:10:06.598367', 'err_code': None, 'rec_date': '2020-12-06T17:09:57.683174', 'rec_user': 'mgrpoc', 'parent_id': 2, 'rec_notice': None, 'rec_status': 'TKN'}
- Line: {'proc': {'info': 'Process Line registered with id: [230]', 'name': 'PrclineAdd', 'action': 'Insert'}, 'rec_id': 230, 'proj_id': 1, 'act_date': '2020-12-06T17:10:06.637372', 'err_code': None, 'rec_date': '2020-12-06T17:09:57.683174', 'rec_user': 'mgrpoc', 'parent_id': 2, 'rec_notice': None, 'rec_status': 'TKN'}
- Line: {'proc': {'info': 'Process Line registered with id: [231]', 'name': 'PrclineAdd', 'action': 'Insert'}, 'rec_id': 231, 'proj_id': 1, 'act_date': '2020-12-06T17:10:06.675366', 'err_code': None, 'rec_date': '2020-12-06T17:09:57.683174', 'rec_user': 'mgrpoc', 'parent_id': 2, 'rec_notice': None, 'rec_status': 'TKN'}
- Line: {'proc': {'info': 'Process Line registered with id: [232]', 'name': 'PrclineAdd', 'action': 'Insert'}, 'rec_id': 232, 'proj_id': 1, 'act_date': '2020-12-06T17:10:06.710366', 'err_code': None, 'rec_date': '2020-12-06T17:09:57.683174', 'rec_user': 'mgrpoc', 'parent_id': 2, 'rec_notice': None, 'rec_status': 'TKN'}
- Line: {'proc': {'info': 'Process Line registered with id: [233]', 'name': 'PrclineAdd', 'action': 'Insert'}, 'rec_id': 233, 'proj_id': 1, 'act_date': '2020-12-06T17:10:06.746366', 'err_code': None, 'rec_date': '2020-12-06T17:09:57.683174', 'rec_user': 'mgrpoc', 'parent_id': 2, 'rec_notice': None, 'rec_status': 'TKN'}
- Line: {'proc': {'info': 'Process Line registered with id: [234]', 'name': 'PrclineAdd', 'action': 'Insert'}, 'rec_id': 234, 'proj_id': 1, 'act_date': '2020-12-06T17:10:06.778382', 'err_code': None, 'rec_date': '2020-12-06T17:09:57.683174', 'rec_user': 'mgrpoc', 'parent_id': 2, 'rec_notice': None, 'rec_status': 'TKN'}
- Line: {'proc': {'info': 'Process Line registered with id: [235]', 'name': 'PrclineAdd', 'action': 'Insert'}, 'rec_id': 235, 'proj_id': 1, 'act_date': '2020-12-06T17:10:06.816368', 'err_code': None, 'rec_date': '2020-12-06T17:09:57.683174', 'rec_user': 'mgrpoc', 'parent_id': 2, 'rec_notice': None, 'rec_status': 'TKN'}
- Line: {'proc': {'info': 'Process Line registered with id: [236]', 'name': 'PrclineAdd', 'action': 'Insert'}, 'rec_id': 236, 'proj_id': 1, 'act_date': '2020-12-06T17:10:06.857368', 'err_code': None, 'rec_date': '2020-12-06T17:09:57.683174', 'rec_user': 'mgrpoc', 'parent_id': 2, 'rec_notice': None, 'rec_status': 'TKN'}
- Line: {'proc': {'info': 'Process Line registered with id: [237]', 'name': 'PrclineAdd', 'action': 'Insert'}, 'rec_id': 237, 'proj_id': 1, 'act_date': '2020-12-06T17:10:06.899369', 'err_code': None, 'rec_date': '2020-12-06T17:09:57.683174', 'rec_user': 'mgrpoc', 'parent_id': 2, 'rec_notice': None, 'rec_status': 'TKN'}
- Line: {'proc': {'info': 'Process Line registered with id: [238]', 'name': 'PrclineAdd', 'action': 'Insert'}, 'rec_id': 238, 'proj_id': 1, 'act_date': '2020-12-06T17:10:06.945367', 'err_code': None, 'rec_date': '2020-12-06T17:09:57.683174', 'rec_user': 'mgrpoc', 'parent_id': 2, 'rec_notice': None, 'rec_status': 'TKN'}
- Line: {'proc': {'info': 'Process Line registered with id: [239]', 'name': 'PrclineAdd', 'action': 'Insert'}, 'rec_id': 239, 'proj_id': 1, 'act_date': '2020-12-06T17:10:06.984366', 'err_code': None, 'rec_date': '2020-12-06T17:09:57.683174', 'rec_user': 'mgrpoc', 'parent_id': 2, 'rec_notice': None, 'rec_status': 'TKN'}
- Line: {'proc': {'info': 'Process Line registered with id: [240]', 'name': 'PrclineAdd', 'action': 'Insert'}, 'rec_id': 240, 'proj_id': 1, 'act_date': '2020-12-06T17:10:07.017368', 'err_code': None, 'rec_date': '2020-12-06T17:09:57.683174', 'rec_user': 'mgrpoc', 'parent_id': 2, 'rec_notice': None, 'rec_status': 'TKN'}
- Line: {'proc': {'info': 'Process Line registered with id: [241]', 'name': 'PrclineAdd', 'action': 'Insert'}, 'rec_id': 241, 'proj_id': 1, 'act_date': '2020-12-06T17:10:07.05337', 'err_code': None, 'rec_date': '2020-12-06T17:09:57.683174', 'rec_user': 'mgrpoc', 'parent_id': 2, 'rec_notice': None, 'rec_status': 'TKN'}
- Line: {'proc': {'info': 'Process Line registered with id: [242]', 'name': 'PrclineAdd', 'action': 'Insert'}, 'rec_id': 242, 'proj_id': 1, 'act_date': '2020-12-06T17:10:07.098367', 'err_code': None, 'rec_date': '2020-12-06T17:09:57.683174', 'rec_user': 'mgrpoc', 'parent_id': 2, 'rec_notice': None, 'rec_status': 'TKN'}
- Line: {'proc': {'info': 'Process Line registered with id: [243]', 'name': 'PrclineAdd', 'action': 'Insert'}, 'rec_id': 243, 'proj_id': 1, 'act_date': '2020-12-06T17:10:07.136368', 'err_code': None, 'rec_date': '2020-12-06T17:09:57.683174', 'rec_user': 'mgrpoc', 'parent_id': 2, 'rec_notice': None, 'rec_status': 'TKN'}
- Line: {'proc': {'info': 'Process Line registered with id: [244]', 'name': 'PrclineAdd', 'action': 'Insert'}, 'rec_id': 244, 'proj_id': 1, 'act_date': '2020-12-06T17:10:07.176367', 'err_code': None, 'rec_date': '2020-12-06T17:09:57.683174', 'rec_user': 'mgrpoc', 'parent_id': 2, 'rec_notice': None, 'rec_status': 'TKN'}
- Line: {'proc': {'info': 'Process Line registered with id: [245]', 'name': 'PrclineAdd', 'action': 'Insert'}, 'rec_id': 245, 'proj_id': 1, 'act_date': '2020-12-06T17:10:07.211369', 'err_code': None, 'rec_date': '2020-12-06T17:09:57.683174', 'rec_user': 'mgrpoc', 'parent_id': 2, 'rec_notice': None, 'rec_status': 'TKN'}
- Line: {'proc': {'info': 'Process Line registered with id: [246]', 'name': 'PrclineAdd', 'action': 'Insert'}, 'rec_id': 246, 'proj_id': 1, 'act_date': '2020-12-06T17:10:07.243367', 'err_code': None, 'rec_date': '2020-12-06T17:09:57.683174', 'rec_user': 'mgrpoc', 'parent_id': 2, 'rec_notice': None, 'rec_status': 'TKN'}
- Line: {'proc': {'info': 'Process Line registered with id: [247]', 'name': 'PrclineAdd', 'action': 'Insert'}, 'rec_id': 247, 'proj_id': 1, 'act_date': '2020-12-06T17:10:07.278379', 'err_code': None, 'rec_date': '2020-12-06T17:09:57.683174', 'rec_user': 'mgrpoc', 'parent_id': 2, 'rec_notice': None, 'rec_status': 'TKN'}
- Line: {'proc': {'info': 'Process Line registered with id: [248]', 'name': 'PrclineAdd', 'action': 'Insert'}, 'rec_id': 248, 'proj_id': 1, 'act_date': '2020-12-06T17:10:07.324369', 'err_code': None, 'rec_date': '2020-12-06T17:09:57.683174', 'rec_user': 'mgrpoc', 'parent_id': 2, 'rec_notice': None, 'rec_status': 'TKN'}
- Line: {'proc': {'info': 'Process Line registered with id: [249]', 'name': 'PrclineAdd', 'action': 'Insert'}, 'rec_id': 249, 'proj_id': 1, 'act_date': '2020-12-06T17:10:07.380369', 'err_code': None, 'rec_date': '2020-12-06T17:09:57.683174', 'rec_user': 'mgrpoc', 'parent_id': 2, 'rec_notice': None, 'rec_status': 'TKN'}
- Line: {'proc': {'info': 'Process Line registered with id: [250]', 'name': 'PrclineAdd', 'action': 'Insert'}, 'rec_id': 250, 'proj_id': 1, 'act_date': '2020-12-06T17:10:07.424367', 'err_code': None, 'rec_date': '2020-12-06T17:09:57.683174', 'rec_user': 'mgrpoc', 'parent_id': 2, 'rec_notice': None, 'rec_status': 'TKN'}
- Line: {'proc': {'info': 'Process Line registered with id: [251]', 'name': 'PrclineAdd', 'action': 'Insert'}, 'rec_id': 251, 'proj_id': 1, 'act_date': '2020-12-06T17:10:07.57337', 'err_code': None, 'rec_date': '2020-12-06T17:09:57.683174', 'rec_user': 'mgrpoc', 'parent_id': 2, 'rec_notice': None, 'rec_status': 'TKN'}
- Line: {'proc': {'info': 'Process Line registered with id: [252]', 'name': 'PrclineAdd', 'action': 'Insert'}, 'rec_id': 252, 'proj_id': 1, 'act_date': '2020-12-06T17:10:07.63137', 'err_code': None, 'rec_date': '2020-12-06T17:09:57.683174', 'rec_user': 'mgrpoc', 'parent_id': 2, 'rec_notice': None, 'rec_status': 'TKN'}
- Line: {'proc': {'info': 'Process Line registered with id: [253]', 'name': 'PrclineAdd', 'action': 'Insert'}, 'rec_id': 253, 'proj_id': 1, 'act_date': '2020-12-06T17:10:07.672368', 'err_code': None, 'rec_date': '2020-12-06T17:09:57.683174', 'rec_user': 'mgrpoc', 'parent_id': 2, 'rec_notice': None, 'rec_status': 'TKN'}
- Line: {'proc': {'info': 'Process Line registered with id: [254]', 'name': 'PrclineAdd', 'action': 'Insert'}, 'rec_id': 254, 'proj_id': 1, 'act_date': '2020-12-06T17:10:07.834369', 'err_code': None, 'rec_date': '2020-12-06T17:09:57.683174', 'rec_user': 'mgrpoc', 'parent_id': 2, 'rec_notice': None, 'rec_status': 'TKN'}
- Line: {'proc': {'info': 'Process Line registered with id: [255]', 'name': 'PrclineAdd', 'action': 'Insert'}, 'rec_id': 255, 'proj_id': 1, 'act_date': '2020-12-06T17:10:07.871368', 'err_code': None, 'rec_date': '2020-12-06T17:09:57.683174', 'rec_user': 'mgrpoc', 'parent_id': 2, 'rec_notice': None, 'rec_status': 'TKN'}
- Line: {'proc': {'info': 'Process Line registered with id: [256]', 'name': 'PrclineAdd', 'action': 'Insert'}, 'rec_id': 256, 'proj_id': 1, 'act_date': '2020-12-06T17:10:07.910371', 'err_code': None, 'rec_date': '2020-12-06T17:09:57.683174', 'rec_user': 'mgrpoc', 'parent_id': 2, 'rec_notice': None, 'rec_status': 'TKN'}
- Line: {'proc': {'info': 'Process Line registered with id: [257]', 'name': 'PrclineAdd', 'action': 'Insert'}, 'rec_id': 257, 'proj_id': 1, 'act_date': '2020-12-06T17:10:07.956368', 'err_code': None, 'rec_date': '2020-12-06T17:09:57.683174', 'rec_user': 'mgrpoc', 'parent_id': 2, 'rec_notice': None, 'rec_status': 'TKN'}
- Line: {'proc': {'info': 'Process Line registered with id: [258]', 'name': 'PrclineAdd', 'action': 'Insert'}, 'rec_id': 258, 'proj_id': 1, 'act_date': '2020-12-06T17:10:07.99637', 'err_code': None, 'rec_date': '2020-12-06T17:09:57.683174', 'rec_user': 'mgrpoc', 'parent_id': 2, 'rec_notice': None, 'rec_status': 'TKN'}
- Line: {'proc': {'info': 'Process Line registered with id: [259]', 'name': 'PrclineAdd', 'action': 'Insert'}, 'rec_id': 259, 'proj_id': 1, 'act_date': '2020-12-06T17:10:08.027368', 'err_code': None, 'rec_date': '2020-12-06T17:09:57.683174', 'rec_user': 'mgrpoc', 'parent_id': 2, 'rec_notice': None, 'rec_status': 'TKN'}
- Line: {'proc': {'info': 'Process Line registered with id: [260]', 'name': 'PrclineAdd', 'action': 'Insert'}, 'rec_id': 260, 'proj_id': 1, 'act_date': '2020-12-06T17:10:08.061377', 'err_code': None, 'rec_date': '2020-12-06T17:09:57.683174', 'rec_user': 'mgrpoc', 'parent_id': 2, 'rec_notice': None, 'rec_status': 'TKN'}
- Line: {'proc': {'info': 'Process Line registered with id: [261]', 'name': 'PrclineAdd', 'action': 'Insert'}, 'rec_id': 261, 'proj_id': 1, 'act_date': '2020-12-06T17:10:08.101369', 'err_code': None, 'rec_date': '2020-12-06T17:09:57.683174', 'rec_user': 'mgrpoc', 'parent_id': 2, 'rec_notice': None, 'rec_status': 'TKN'}
- Line: {'proc': {'info': 'Process Line registered with id: [262]', 'name': 'PrclineAdd', 'action': 'Insert'}, 'rec_id': 262, 'proj_id': 1, 'act_date': '2020-12-06T17:10:08.144369', 'err_code': None, 'rec_date': '2020-12-06T17:09:57.683174', 'rec_user': 'mgrpoc', 'parent_id': 2, 'rec_notice': None, 'rec_status': 'TKN'}
- Line: {'proc': {'info': 'Process Line registered with id: [263]', 'name': 'PrclineAdd', 'action': 'Insert'}, 'rec_id': 263, 'proj_id': 1, 'act_date': '2020-12-06T17:10:08.186371', 'err_code': None, 'rec_date': '2020-12-06T17:09:57.683174', 'rec_user': 'mgrpoc', 'parent_id': 2, 'rec_notice': None, 'rec_status': 'TKN'}
- Line: {'proc': {'info': 'Process Line registered with id: [264]', 'name': 'PrclineAdd', 'action': 'Insert'}, 'rec_id': 264, 'proj_id': 1, 'act_date': '2020-12-06T17:10:08.223368', 'err_code': None, 'rec_date': '2020-12-06T17:09:57.683174', 'rec_user': 'mgrpoc', 'parent_id': 2, 'rec_notice': None, 'rec_status': 'TKN'}
- Line: {'proc': {'info': 'Process Line registered with id: [265]', 'name': 'PrclineAdd', 'action': 'Insert'}, 'rec_id': 265, 'proj_id': 1, 'act_date': '2020-12-06T17:10:08.258371', 'err_code': None, 'rec_date': '2020-12-06T17:09:57.683174', 'rec_user': 'mgrpoc', 'parent_id': 2, 'rec_notice': None, 'rec_status': 'TKN'}
- Line: {'proc': {'info': 'Process Line registered with id: [266]', 'name': 'PrclineAdd', 'action': 'Insert'}, 'rec_id': 266, 'proj_id': 1, 'act_date': '2020-12-06T17:10:08.29137', 'err_code': None, 'rec_date': '2020-12-06T17:09:57.683174', 'rec_user': 'mgrpoc', 'parent_id': 2, 'rec_notice': None, 'rec_status': 'TKN'}
- Line: {'proc': {'info': 'Process Line registered with id: [267]', 'name': 'PrclineAdd', 'action': 'Insert'}, 'rec_id': 267, 'proj_id': 1, 'act_date': '2020-12-06T17:10:08.333369', 'err_code': None, 'rec_date': '2020-12-06T17:09:57.683174', 'rec_user': 'mgrpoc', 'parent_id': 2, 'rec_notice': None, 'rec_status': 'TKN'}
- Line: {'proc': {'info': 'Process Line registered with id: [268]', 'name': 'PrclineAdd', 'action': 'Insert'}, 'rec_id': 268, 'proj_id': 1, 'act_date': '2020-12-06T17:10:08.380369', 'err_code': None, 'rec_date': '2020-12-06T17:09:57.683174', 'rec_user': 'mgrpoc', 'parent_id': 2, 'rec_notice': None, 'rec_status': 'TKN'}
- Line: {'proc': {'info': 'Process Line registered with id: [269]', 'name': 'PrclineAdd', 'action': 'Insert'}, 'rec_id': 269, 'proj_id': 1, 'act_date': '2020-12-06T17:10:08.425371', 'err_code': None, 'rec_date': '2020-12-06T17:09:57.683174', 'rec_user': 'mgrpoc', 'parent_id': 2, 'rec_notice': None, 'rec_status': 'TKN'}
- Line: {'proc': {'info': 'Process Line registered with id: [270]', 'name': 'PrclineAdd', 'action': 'Insert'}, 'rec_id': 270, 'proj_id': 1, 'act_date': '2020-12-06T17:10:08.46837', 'err_code': None, 'rec_date': '2020-12-06T17:09:57.683174', 'rec_user': 'mgrpoc', 'parent_id': 2, 'rec_notice': None, 'rec_status': 'TKN'}
- Line: {'proc': {'info': 'Process Line registered with id: [271]', 'name': 'PrclineAdd', 'action': 'Insert'}, 'rec_id': 271, 'proj_id': 1, 'act_date': '2020-12-06T17:10:08.50837', 'err_code': None, 'rec_date': '2020-12-06T17:09:57.683174', 'rec_user': 'mgrpoc', 'parent_id': 2, 'rec_notice': None, 'rec_status': 'TKN'}
- Line: {'proc': {'info': 'Process Line registered with id: [272]', 'name': 'PrclineAdd', 'action': 'Insert'}, 'rec_id': 272, 'proj_id': 1, 'act_date': '2020-12-06T17:10:08.549372', 'err_code': None, 'rec_date': '2020-12-06T17:09:57.683174', 'rec_user': 'mgrpoc', 'parent_id': 2, 'rec_notice': None, 'rec_status': 'TKN'}
- Line: {'proc': {'info': 'Process Line registered with id: [273]', 'name': 'PrclineAdd', 'action': 'Insert'}, 'rec_id': 273, 'proj_id': 1, 'act_date': '2020-12-06T17:10:08.590376', 'err_code': None, 'rec_date': '2020-12-06T17:09:57.683174', 'rec_user': 'mgrpoc', 'parent_id': 2, 'rec_notice': None, 'rec_status': 'TKN'}
- Line: {'proc': {'info': 'Process Line registered with id: [274]', 'name': 'PrclineAdd', 'action': 'Insert'}, 'rec_id': 274, 'proj_id': 1, 'act_date': '2020-12-06T17:10:08.728387', 'err_code': None, 'rec_date': '2020-12-06T17:09:57.683174', 'rec_user': 'mgrpoc', 'parent_id': 2, 'rec_notice': None, 'rec_status': 'TKN'}
- Line: {'proc': {'info': 'Process Line registered with id: [275]', 'name': 'PrclineAdd', 'action': 'Insert'}, 'rec_id': 275, 'proj_id': 1, 'act_date': '2020-12-06T17:10:08.771371', 'err_code': None, 'rec_date': '2020-12-06T17:09:57.683174', 'rec_user': 'mgrpoc', 'parent_id': 2, 'rec_notice': None, 'rec_status': 'TKN'}
- Line: {'proc': {'info': 'Process Line registered with id: [276]', 'name': 'PrclineAdd', 'action': 'Insert'}, 'rec_id': 276, 'proj_id': 1, 'act_date': '2020-12-06T17:10:08.80837', 'err_code': None, 'rec_date': '2020-12-06T17:09:57.683174', 'rec_user': 'mgrpoc', 'parent_id': 2, 'rec_notice': None, 'rec_status': 'TKN'}
- Line: {'proc': {'info': 'Process Line registered with id: [277]', 'name': 'PrclineAdd', 'action': 'Insert'}, 'rec_id': 277, 'proj_id': 1, 'act_date': '2020-12-06T17:10:08.84237', 'err_code': None, 'rec_date': '2020-12-06T17:09:57.683174', 'rec_user': 'mgrpoc', 'parent_id': 2, 'rec_notice': None, 'rec_status': 'TKN'}
- Line: {'proc': {'info': 'Process Line registered with id: [278]', 'name': 'PrclineAdd', 'action': 'Insert'}, 'rec_id': 278, 'proj_id': 1, 'act_date': '2020-12-06T17:10:08.878373', 'err_code': None, 'rec_date': '2020-12-06T17:09:57.683174', 'rec_user': 'mgrpoc', 'parent_id': 2, 'rec_notice': None, 'rec_status': 'TKN'}
- Line: {'proc': {'info': 'Process Line registered with id: [279]', 'name': 'PrclineAdd', 'action': 'Insert'}, 'rec_id': 279, 'proj_id': 1, 'act_date': '2020-12-06T17:10:08.916372', 'err_code': None, 'rec_date': '2020-12-06T17:09:57.683174', 'rec_user': 'mgrpoc', 'parent_id': 2, 'rec_notice': None, 'rec_status': 'TKN'}
- Line: {'proc': {'info': 'Process Line registered with id: [280]', 'name': 'PrclineAdd', 'action': 'Insert'}, 'rec_id': 280, 'proj_id': 1, 'act_date': '2020-12-06T17:10:08.95337', 'err_code': None, 'rec_date': '2020-12-06T17:09:57.683174', 'rec_user': 'mgrpoc', 'parent_id': 2, 'rec_notice': None, 'rec_status': 'TKN'}
- Line: {'proc': {'info': 'Process Line registered with id: [281]', 'name': 'PrclineAdd', 'action': 'Insert'}, 'rec_id': 281, 'proj_id': 1, 'act_date': '2020-12-06T17:10:08.993372', 'err_code': None, 'rec_date': '2020-12-06T17:09:57.683174', 'rec_user': 'mgrpoc', 'parent_id': 2, 'rec_notice': None, 'rec_status': 'TKN'}
- Line: {'proc': {'info': 'Process Line registered with id: [282]', 'name': 'PrclineAdd', 'action': 'Insert'}, 'rec_id': 282, 'proj_id': 1, 'act_date': '2020-12-06T17:10:09.037371', 'err_code': None, 'rec_date': '2020-12-06T17:09:57.683174', 'rec_user': 'mgrpoc', 'parent_id': 2, 'rec_notice': None, 'rec_status': 'TKN'}
- Line: {'proc': {'info': 'Process Line registered with id: [283]', 'name': 'PrclineAdd', 'action': 'Insert'}, 'rec_id': 283, 'proj_id': 1, 'act_date': '2020-12-06T17:10:09.073371', 'err_code': None, 'rec_date': '2020-12-06T17:09:57.683174', 'rec_user': 'mgrpoc', 'parent_id': 2, 'rec_notice': None, 'rec_status': 'TKN'}
- Line: {'proc': {'info': 'Process Line registered with id: [284]', 'name': 'PrclineAdd', 'action': 'Insert'}, 'rec_id': 284, 'proj_id': 1, 'act_date': '2020-12-06T17:10:09.107368', 'err_code': None, 'rec_date': '2020-12-06T17:09:57.683174', 'rec_user': 'mgrpoc', 'parent_id': 2, 'rec_notice': None, 'rec_status': 'TKN'}
- Line: {'proc': {'info': 'Process Line registered with id: [285]', 'name': 'PrclineAdd', 'action': 'Insert'}, 'rec_id': 285, 'proj_id': 1, 'act_date': '2020-12-06T17:10:09.14937', 'err_code': None, 'rec_date': '2020-12-06T17:09:57.683174', 'rec_user': 'mgrpoc', 'parent_id': 2, 'rec_notice': None, 'rec_status': 'TKN'}
- Line: {'proc': {'info': 'Process Line registered with id: [286]', 'name': 'PrclineAdd', 'action': 'Insert'}, 'rec_id': 286, 'proj_id': 1, 'act_date': '2020-12-06T17:10:09.192377', 'err_code': None, 'rec_date': '2020-12-06T17:09:57.683174', 'rec_user': 'mgrpoc', 'parent_id': 2, 'rec_notice': None, 'rec_status': 'TKN'}
- Line: {'proc': {'info': 'Process Line registered with id: [287]', 'name': 'PrclineAdd', 'action': 'Insert'}, 'rec_id': 287, 'proj_id': 1, 'act_date': '2020-12-06T17:10:09.236373', 'err_code': None, 'rec_date': '2020-12-06T17:09:57.683174', 'rec_user': 'mgrpoc', 'parent_id': 2, 'rec_notice': None, 'rec_status': 'TKN'}
- Line: {'proc': {'info': 'Process Line registered with id: [288]', 'name': 'PrclineAdd', 'action': 'Insert'}, 'rec_id': 288, 'proj_id': 1, 'act_date': '2020-12-06T17:10:09.28337', 'err_code': None, 'rec_date': '2020-12-06T17:09:57.683174', 'rec_user': 'mgrpoc', 'parent_id': 2, 'rec_notice': None, 'rec_status': 'TKN'}
- Line: {'proc': {'info': 'Process Line registered with id: [289]', 'name': 'PrclineAdd', 'action': 'Insert'}, 'rec_id': 289, 'proj_id': 1, 'act_date': '2020-12-06T17:10:09.320371', 'err_code': None, 'rec_date': '2020-12-06T17:09:57.683174', 'rec_user': 'mgrpoc', 'parent_id': 2, 'rec_notice': None, 'rec_status': 'TKN'}
- Line: {'proc': {'info': 'Process Line registered with id: [290]', 'name': 'PrclineAdd', 'action': 'Insert'}, 'rec_id': 290, 'proj_id': 1, 'act_date': '2020-12-06T17:10:09.35337', 'err_code': None, 'rec_date': '2020-12-06T17:09:57.683174', 'rec_user': 'mgrpoc', 'parent_id': 2, 'rec_notice': None, 'rec_status': 'TKN'}
- Line: {'proc': {'info': 'Process Line registered with id: [291]', 'name': 'PrclineAdd', 'action': 'Insert'}, 'rec_id': 291, 'proj_id': 1, 'act_date': '2020-12-06T17:10:09.395373', 'err_code': None, 'rec_date': '2020-12-06T17:09:57.683174', 'rec_user': 'mgrpoc', 'parent_id': 2, 'rec_notice': None, 'rec_status': 'TKN'}
- Line: {'proc': {'info': 'Process Line registered with id: [292]', 'name': 'PrclineAdd', 'action': 'Insert'}, 'rec_id': 292, 'proj_id': 1, 'act_date': '2020-12-06T17:10:09.43837', 'err_code': None, 'rec_date': '2020-12-06T17:09:57.683174', 'rec_user': 'mgrpoc', 'parent_id': 2, 'rec_notice': None, 'rec_status': 'TKN'}
- Line: {'proc': {'info': 'Process Line registered with id: [293]', 'name': 'PrclineAdd', 'action': 'Insert'}, 'rec_id': 293, 'proj_id': 1, 'act_date': '2020-12-06T17:10:09.484375', 'err_code': None, 'rec_date': '2020-12-06T17:09:57.683174', 'rec_user': 'mgrpoc', 'parent_id': 2, 'rec_notice': None, 'rec_status': 'TKN'}
[2020-12-06 17:10:09.524370] File has been processed successfully.
Closing Db... OK

